-- Found ament_cmake: 0.9.12 (/opt/ros/foxy/share/ament_cmake/cmake)
-- Using PYTHON_EXECUTABLE: /usr/bin/python3
-- Found rclcpp: 2.4.3 (/opt/ros/foxy/share/rclcpp/cmake)
-- Using all available rosidl_typesupport_c: rosidl_typesupport_fastrtps_c;rosidl_typesupport_introspection_c
-- Found rosidl_adapter: 1.3.1 (/opt/ros/foxy/share/rosidl_adapter/cmake)
-- Using all available rosidl_typesupport_cpp: rosidl_typesupport_fastrtps_cpp;rosidl_typesupport_introspection_cpp
-- Found rmw_implementation_cmake: 1.0.4 (/opt/ros/foxy/share/rmw_implementation_cmake/cmake)
-- Using RMW implementation 'rmw_fastrtps_cpp' as default
-- Configuring done
-- Generating done
-- Build files have been written to: /home/llnitroz23ll/magangBayuROS/src/MagangBayu24-ROS2/tugas1/build/tugas1_cpp
[35m[1mScanning dependencies of target listener[0m
[35m[1mScanning dependencies of target talker[0m
[ 50%] [32mBuilding CXX object CMakeFiles/talker.dir/src/cpp_pub.cpp.o[0m
[ 50%] [32mBuilding CXX object CMakeFiles/listener.dir/src/cpp_sub.cpp.o[0m
[ 75%] [32m[1mLinking CXX executable talker[0m
[ 75%] Built target talker
[100%] [32m[1mLinking CXX executable listener[0m
[100%] Built target listener
-- Install configuration: ""
-- Installing: /home/llnitroz23ll/magangBayuROS/src/MagangBayu24-ROS2/tugas1/install/tugas1_cpp/lib/tugas1_cpp/talker
-- Set runtime path of "/home/llnitroz23ll/magangBayuROS/src/MagangBayu24-ROS2/tugas1/install/tugas1_cpp/lib/tugas1_cpp/talker" to ""
-- Installing: /home/llnitroz23ll/magangBayuROS/src/MagangBayu24-ROS2/tugas1/install/tugas1_cpp/lib/tugas1_cpp/listener
-- Set runtime path of "/home/llnitroz23ll/magangBayuROS/src/MagangBayu24-ROS2/tugas1/install/tugas1_cpp/lib/tugas1_cpp/listener" to ""
-- Installing: /home/llnitroz23ll/magangBayuROS/src/MagangBayu24-ROS2/tugas1/install/tugas1_cpp/share/ament_index/resource_index/package_run_dependencies/tugas1_cpp
-- Installing: /home/llnitroz23ll/magangBayuROS/src/MagangBayu24-ROS2/tugas1/install/tugas1_cpp/share/ament_index/resource_index/parent_prefix_path/tugas1_cpp
-- Installing: /home/llnitroz23ll/magangBayuROS/src/MagangBayu24-ROS2/tugas1/install/tugas1_cpp/share/tugas1_cpp/environment/ament_prefix_path.sh
-- Installing: /home/llnitroz23ll/magangBayuROS/src/MagangBayu24-ROS2/tugas1/install/tugas1_cpp/share/tugas1_cpp/environment/ament_prefix_path.dsv
-- Installing: /home/llnitroz23ll/magangBayuROS/src/MagangBayu24-ROS2/tugas1/install/tugas1_cpp/share/tugas1_cpp/environment/path.sh
-- Installing: /home/llnitroz23ll/magangBayuROS/src/MagangBayu24-ROS2/tugas1/install/tugas1_cpp/share/tugas1_cpp/environment/path.dsv
-- Installing: /home/llnitroz23ll/magangBayuROS/src/MagangBayu24-ROS2/tugas1/install/tugas1_cpp/share/tugas1_cpp/local_setup.bash
-- Installing: /home/llnitroz23ll/magangBayuROS/src/MagangBayu24-ROS2/tugas1/install/tugas1_cpp/share/tugas1_cpp/local_setup.sh
-- Installing: /home/llnitroz23ll/magangBayuROS/src/MagangBayu24-ROS2/tugas1/install/tugas1_cpp/share/tugas1_cpp/local_setup.zsh
-- Installing: /home/llnitroz23ll/magangBayuROS/src/MagangBayu24-ROS2/tugas1/install/tugas1_cpp/share/tugas1_cpp/local_setup.dsv
-- Installing: /home/llnitroz23ll/magangBayuROS/src/MagangBayu24-ROS2/tugas1/install/tugas1_cpp/share/tugas1_cpp/package.dsv
-- Installing: /home/llnitroz23ll/magangBayuROS/src/MagangBayu24-ROS2/tugas1/install/tugas1_cpp/share/ament_index/resource_index/packages/tugas1_cpp
-- Installing: /home/llnitroz23ll/magangBayuROS/src/MagangBayu24-ROS2/tugas1/install/tugas1_cpp/share/tugas1_cpp/cmake/tugas1_cppConfig.cmake
-- Installing: /home/llnitroz23ll/magangBayuROS/src/MagangBayu24-ROS2/tugas1/install/tugas1_cpp/share/tugas1_cpp/cmake/tugas1_cppConfig-version.cmake
-- Installing: /home/llnitroz23ll/magangBayuROS/src/MagangBayu24-ROS2/tugas1/install/tugas1_cpp/share/tugas1_cpp/package.xml
