[0.112s] Invoking command in '/home/llnitroz23ll/magangBayuROS/src/MagangBayu24-ROS2/tugas1/build/tugas1_cpp': CMAKE_PREFIX_PATH=/opt/ros/foxy /usr/bin/cmake /home/llnitroz23ll/magangBayuROS/src/MagangBayu24-ROS2/tugas1/src/tugas1_cpp -DCMAKE_INSTALL_PREFIX=/home/llnitroz23ll/magangBayuROS/src/MagangBayu24-ROS2/tugas1/install/tugas1_cpp
[0.126s] -- Found ament_cmake: 0.9.12 (/opt/ros/foxy/share/ament_cmake/cmake)
[0.146s] -- Using PYTHON_EXECUTABLE: /usr/bin/python3
[0.310s] -- Found rclcpp: 2.4.3 (/opt/ros/foxy/share/rclcpp/cmake)
[0.341s] -- Using all available rosidl_typesupport_c: rosidl_typesupport_fastrtps_c;rosidl_typesupport_introspection_c
[0.344s] -- Found rosidl_adapter: 1.3.1 (/opt/ros/foxy/share/rosidl_adapter/cmake)
[0.449s] -- Using all available rosidl_typesupport_cpp: rosidl_typesupport_fastrtps_cpp;rosidl_typesupport_introspection_cpp
[0.495s] -- Found rmw_implementation_cmake: 1.0.4 (/opt/ros/foxy/share/rmw_implementation_cmake/cmake)
[0.497s] -- Using RMW implementation 'rmw_fastrtps_cpp' as default
[0.689s] -- Configuring done
[0.698s] -- Generating done
[0.699s] -- Build files have been written to: /home/llnitroz23ll/magangBayuROS/src/MagangBayu24-ROS2/tugas1/build/tugas1_cpp
[0.705s] Invoked command in '/home/llnitroz23ll/magangBayuROS/src/MagangBayu24-ROS2/tugas1/build/tugas1_cpp' returned '0': CMAKE_PREFIX_PATH=/opt/ros/foxy /usr/bin/cmake /home/llnitroz23ll/magangBayuROS/src/MagangBayu24-ROS2/tugas1/src/tugas1_cpp -DCMAKE_INSTALL_PREFIX=/home/llnitroz23ll/magangBayuROS/src/MagangBayu24-ROS2/tugas1/install/tugas1_cpp
[0.708s] Invoking command in '/home/llnitroz23ll/magangBayuROS/src/MagangBayu24-ROS2/tugas1/build/tugas1_cpp': CMAKE_PREFIX_PATH=/opt/ros/foxy /usr/bin/cmake --build /home/llnitroz23ll/magangBayuROS/src/MagangBayu24-ROS2/tugas1/build/tugas1_cpp -- -j8 -l8
[0.746s] [35m[1mScanning dependencies of target listener[0m
[0.746s] [35m[1mScanning dependencies of target talker[0m
[0.829s] [ 50%] [32mBuilding CXX object CMakeFiles/talker.dir/src/cpp_pub.cpp.o[0m
[0.829s] [ 50%] [32mBuilding CXX object CMakeFiles/listener.dir/src/cpp_sub.cpp.o[0m
[3.807s] [ 75%] [32m[1mLinking CXX executable talker[0m
[3.999s] [ 75%] Built target talker
[5.269s] [100%] [32m[1mLinking CXX executable listener[0m
[5.514s] [100%] Built target listener
[5.526s] Invoked command in '/home/llnitroz23ll/magangBayuROS/src/MagangBayu24-ROS2/tugas1/build/tugas1_cpp' returned '0': CMAKE_PREFIX_PATH=/opt/ros/foxy /usr/bin/cmake --build /home/llnitroz23ll/magangBayuROS/src/MagangBayu24-ROS2/tugas1/build/tugas1_cpp -- -j8 -l8
[5.569s] Invoking command in '/home/llnitroz23ll/magangBayuROS/src/MagangBayu24-ROS2/tugas1/build/tugas1_cpp': CMAKE_PREFIX_PATH=/opt/ros/foxy /usr/bin/cmake --install /home/llnitroz23ll/magangBayuROS/src/MagangBayu24-ROS2/tugas1/build/tugas1_cpp
[5.578s] -- Install configuration: ""
[5.578s] -- Installing: /home/llnitroz23ll/magangBayuROS/src/MagangBayu24-ROS2/tugas1/install/tugas1_cpp/lib/tugas1_cpp/talker
[5.579s] -- Set runtime path of "/home/llnitroz23ll/magangBayuROS/src/MagangBayu24-ROS2/tugas1/install/tugas1_cpp/lib/tugas1_cpp/talker" to ""
[5.579s] -- Installing: /home/llnitroz23ll/magangBayuROS/src/MagangBayu24-ROS2/tugas1/install/tugas1_cpp/lib/tugas1_cpp/listener
[5.582s] -- Set runtime path of "/home/llnitroz23ll/magangBayuROS/src/MagangBayu24-ROS2/tugas1/install/tugas1_cpp/lib/tugas1_cpp/listener" to ""
[5.582s] -- Installing: /home/llnitroz23ll/magangBayuROS/src/MagangBayu24-ROS2/tugas1/install/tugas1_cpp/share/ament_index/resource_index/package_run_dependencies/tugas1_cpp
[5.582s] -- Installing: /home/llnitroz23ll/magangBayuROS/src/MagangBayu24-ROS2/tugas1/install/tugas1_cpp/share/ament_index/resource_index/parent_prefix_path/tugas1_cpp
[5.582s] -- Installing: /home/llnitroz23ll/magangBayuROS/src/MagangBayu24-ROS2/tugas1/install/tugas1_cpp/share/tugas1_cpp/environment/ament_prefix_path.sh
[5.582s] -- Installing: /home/llnitroz23ll/magangBayuROS/src/MagangBayu24-ROS2/tugas1/install/tugas1_cpp/share/tugas1_cpp/environment/ament_prefix_path.dsv
[5.583s] -- Installing: /home/llnitroz23ll/magangBayuROS/src/MagangBayu24-ROS2/tugas1/install/tugas1_cpp/share/tugas1_cpp/environment/path.sh
[5.583s] -- Installing: /home/llnitroz23ll/magangBayuROS/src/MagangBayu24-ROS2/tugas1/install/tugas1_cpp/share/tugas1_cpp/environment/path.dsv
[5.583s] -- Installing: /home/llnitroz23ll/magangBayuROS/src/MagangBayu24-ROS2/tugas1/install/tugas1_cpp/share/tugas1_cpp/local_setup.bash
[5.583s] -- Installing: /home/llnitroz23ll/magangBayuROS/src/MagangBayu24-ROS2/tugas1/install/tugas1_cpp/share/tugas1_cpp/local_setup.sh
[5.583s] -- Installing: /home/llnitroz23ll/magangBayuROS/src/MagangBayu24-ROS2/tugas1/install/tugas1_cpp/share/tugas1_cpp/local_setup.zsh
[5.583s] -- Installing: /home/llnitroz23ll/magangBayuROS/src/MagangBayu24-ROS2/tugas1/install/tugas1_cpp/share/tugas1_cpp/local_setup.dsv
[5.584s] -- Installing: /home/llnitroz23ll/magangBayuROS/src/MagangBayu24-ROS2/tugas1/install/tugas1_cpp/share/tugas1_cpp/package.dsv
[5.584s] -- Installing: /home/llnitroz23ll/magangBayuROS/src/MagangBayu24-ROS2/tugas1/install/tugas1_cpp/share/ament_index/resource_index/packages/tugas1_cpp
[5.584s] -- Installing: /home/llnitroz23ll/magangBayuROS/src/MagangBayu24-ROS2/tugas1/install/tugas1_cpp/share/tugas1_cpp/cmake/tugas1_cppConfig.cmake
[5.584s] -- Installing: /home/llnitroz23ll/magangBayuROS/src/MagangBayu24-ROS2/tugas1/install/tugas1_cpp/share/tugas1_cpp/cmake/tugas1_cppConfig-version.cmake
[5.584s] -- Installing: /home/llnitroz23ll/magangBayuROS/src/MagangBayu24-ROS2/tugas1/install/tugas1_cpp/share/tugas1_cpp/package.xml
[5.586s] Invoked command in '/home/llnitroz23ll/magangBayuROS/src/MagangBayu24-ROS2/tugas1/build/tugas1_cpp' returned '0': CMAKE_PREFIX_PATH=/opt/ros/foxy /usr/bin/cmake --install /home/llnitroz23ll/magangBayuROS/src/MagangBayu24-ROS2/tugas1/build/tugas1_cpp
