[35m[1mScanning dependencies of target talker[0m
[ 50%] [32mBuilding CXX object CMakeFiles/talker.dir/src/pub.cpp.o[0m
[100%] [32m[1mLinking CXX executable talker[0m
[100%] Built target talker
-- Install configuration: ""
-- Installing: /home/llnitroz23ll/magangBayuROS/src/MagangBayu24-ROS2/tugas3/install/tugas3_cpp/lib/tugas3_cpp/talker
-- Set runtime path of "/home/llnitroz23ll/magangBayuROS/src/MagangBayu24-ROS2/tugas3/install/tugas3_cpp/lib/tugas3_cpp/talker" to ""
-- Up-to-date: /home/llnitroz23ll/magangBayuROS/src/MagangBayu24-ROS2/tugas3/install/tugas3_cpp/share/ament_index/resource_index/package_run_dependencies/tugas3_cpp
-- Up-to-date: /home/llnitroz23ll/magangBayuROS/src/MagangBayu24-ROS2/tugas3/install/tugas3_cpp/share/ament_index/resource_index/parent_prefix_path/tugas3_cpp
-- Up-to-date: /home/llnitroz23ll/magangBayuROS/src/MagangBayu24-ROS2/tugas3/install/tugas3_cpp/share/tugas3_cpp/environment/ament_prefix_path.sh
-- Up-to-date: /home/llnitroz23ll/magangBayuROS/src/MagangBayu24-ROS2/tugas3/install/tugas3_cpp/share/tugas3_cpp/environment/ament_prefix_path.dsv
-- Up-to-date: /home/llnitroz23ll/magangBayuROS/src/MagangBayu24-ROS2/tugas3/install/tugas3_cpp/share/tugas3_cpp/environment/path.sh
-- Up-to-date: /home/llnitroz23ll/magangBayuROS/src/MagangBayu24-ROS2/tugas3/install/tugas3_cpp/share/tugas3_cpp/environment/path.dsv
-- Up-to-date: /home/llnitroz23ll/magangBayuROS/src/MagangBayu24-ROS2/tugas3/install/tugas3_cpp/share/tugas3_cpp/local_setup.bash
-- Up-to-date: /home/llnitroz23ll/magangBayuROS/src/MagangBayu24-ROS2/tugas3/install/tugas3_cpp/share/tugas3_cpp/local_setup.sh
-- Up-to-date: /home/llnitroz23ll/magangBayuROS/src/MagangBayu24-ROS2/tugas3/install/tugas3_cpp/share/tugas3_cpp/local_setup.zsh
-- Up-to-date: /home/llnitroz23ll/magangBayuROS/src/MagangBayu24-ROS2/tugas3/install/tugas3_cpp/share/tugas3_cpp/local_setup.dsv
-- Installing: /home/llnitroz23ll/magangBayuROS/src/MagangBayu24-ROS2/tugas3/install/tugas3_cpp/share/tugas3_cpp/package.dsv
-- Up-to-date: /home/llnitroz23ll/magangBayuROS/src/MagangBayu24-ROS2/tugas3/install/tugas3_cpp/share/ament_index/resource_index/packages/tugas3_cpp
-- Up-to-date: /home/llnitroz23ll/magangBayuROS/src/MagangBayu24-ROS2/tugas3/install/tugas3_cpp/share/tugas3_cpp/cmake/tugas3_cppConfig.cmake
-- Up-to-date: /home/llnitroz23ll/magangBayuROS/src/MagangBayu24-ROS2/tugas3/install/tugas3_cpp/share/tugas3_cpp/cmake/tugas3_cppConfig-version.cmake
-- Up-to-date: /home/llnitroz23ll/magangBayuROS/src/MagangBayu24-ROS2/tugas3/install/tugas3_cpp/share/tugas3_cpp/package.xml
