[0.120s] Invoking command in '/home/llnitroz23ll/magangBayuROS/src/MagangBayu24-ROS2/tugas1/build/tugas1_cpp': CMAKE_PREFIX_PATH=/opt/ros/foxy /usr/bin/cmake /home/llnitroz23ll/magangBayuROS/src/MagangBayu24-ROS2/tugas1/src/tugas1_cpp -DCMAKE_INSTALL_PREFIX=/home/llnitroz23ll/magangBayuROS/src/MagangBayu24-ROS2/tugas1/install/tugas1_cpp
[0.285s] -- The C compiler identification is GNU 9.4.0
[0.438s] -- The CXX compiler identification is GNU 9.4.0
[0.445s] -- Check for working C compiler: /usr/bin/cc
[0.517s] -- Check for working C compiler: /usr/bin/cc -- works
[0.518s] -- Detecting C compiler ABI info
[0.583s] -- Detecting C compiler ABI info - done
[0.594s] -- Detecting C compile features
[0.595s] -- Detecting C compile features - done
[0.598s] -- Check for working CXX compiler: /usr/bin/c++
[0.672s] -- Check for working CXX compiler: /usr/bin/c++ -- works
[0.673s] -- Detecting CXX compiler ABI info
[0.754s] -- Detecting CXX compiler ABI info - done
[0.765s] -- Detecting CXX compile features
[0.765s] -- Detecting CXX compile features - done
[0.768s] -- Found ament_cmake: 0.9.12 (/opt/ros/foxy/share/ament_cmake/cmake)
[0.792s] -- Found PythonInterp: /usr/bin/python3 (found suitable version "3.8.10", minimum required is "3") 
[0.793s] -- Using PYTHON_EXECUTABLE: /usr/bin/python3
[0.997s] -- Found rclcpp: 2.4.3 (/opt/ros/foxy/share/rclcpp/cmake)
[1.047s] -- Using all available rosidl_typesupport_c: rosidl_typesupport_fastrtps_c;rosidl_typesupport_introspection_c
[1.054s] -- Found rosidl_adapter: 1.3.1 (/opt/ros/foxy/share/rosidl_adapter/cmake)
[1.132s] -- Found OpenSSL: /usr/lib/x86_64-linux-gnu/libcrypto.so (found version "1.1.1f")  
[1.158s] -- Found FastRTPS: /opt/ros/foxy/include  
[1.235s] -- Using all available rosidl_typesupport_cpp: rosidl_typesupport_fastrtps_cpp;rosidl_typesupport_introspection_cpp
[1.294s] -- Found rmw_implementation_cmake: 1.0.4 (/opt/ros/foxy/share/rmw_implementation_cmake/cmake)
[1.296s] -- Using RMW implementation 'rmw_fastrtps_cpp' as default
[1.297s] -- Looking for pthread.h
[1.369s] -- Looking for pthread.h - found
[1.369s] -- Performing Test CMAKE_HAVE_LIBC_PTHREAD
[1.438s] -- Performing Test CMAKE_HAVE_LIBC_PTHREAD - Failed
[1.438s] -- Looking for pthread_create in pthreads
[1.497s] -- Looking for pthread_create in pthreads - not found
[1.497s] -- Looking for pthread_create in pthread
[1.568s] -- Looking for pthread_create in pthread - found
[1.569s] -- Found Threads: TRUE  
[1.775s] CMake Error at /opt/ros/foxy/share/ament_cmake_core/cmake/core/ament_package_xml.cmake:53 (message):
[1.775s]   ament_package_xml() package name 'tugas1_cpp' in '/package.xml' does not
[1.775s]   match current PROJECT_NAME 'complex_cpp'.  You must call project() with the
[1.775s]   same package name before.
[1.775s] Call Stack (most recent call first):
[1.776s]   /opt/ros/foxy/share/ament_cmake_core/cmake/core/ament_package.cmake:63 (ament_package_xml)
[1.776s]   CMakeLists.txt:35 (ament_package)
[1.776s] 
[1.776s] 
[1.777s] -- Configuring incomplete, errors occurred!
[1.777s] See also "/home/llnitroz23ll/magangBayuROS/src/MagangBayu24-ROS2/tugas1/build/tugas1_cpp/CMakeFiles/CMakeOutput.log".
[1.777s] See also "/home/llnitroz23ll/magangBayuROS/src/MagangBayu24-ROS2/tugas1/build/tugas1_cpp/CMakeFiles/CMakeError.log".
[1.785s] Invoked command in '/home/llnitroz23ll/magangBayuROS/src/MagangBayu24-ROS2/tugas1/build/tugas1_cpp' returned '1': CMAKE_PREFIX_PATH=/opt/ros/foxy /usr/bin/cmake /home/llnitroz23ll/magangBayuROS/src/MagangBayu24-ROS2/tugas1/src/tugas1_cpp -DCMAKE_INSTALL_PREFIX=/home/llnitroz23ll/magangBayuROS/src/MagangBayu24-ROS2/tugas1/install/tugas1_cpp
