[2.101s] DEBUG:colcon:Command line arguments: ['/usr/bin/colcon', 'build']
[2.101s] DEBUG:colcon:Parsed command line arguments: Namespace(allow_overriding=[], ament_cmake_args=None, base_paths=['.'], build_base='build', catkin_cmake_args=None, catkin_skip_building_tests=False, cmake_args=None, cmake_clean_cache=False, cmake_clean_first=False, cmake_force_configure=False, cmake_target=None, cmake_target_skip_unavailable=False, continue_on_error=False, event_handlers=None, executor='parallel', ignore_user_meta=False, install_base='install', log_base=None, log_level=None, main=<bound method BuildVerb.main of <colcon_core.verb.build.BuildVerb object at 0x7fbbc7e08ee0>>, merge_install=False, metas=['./colcon.meta'], packages_above=None, packages_above_and_dependencies=None, packages_above_depth=None, packages_end=None, packages_ignore=None, packages_ignore_regex=None, packages_select=None, packages_select_build_failed=False, packages_select_by_dep=None, packages_select_regex=None, packages_select_test_failures=False, packages_skip=None, packages_skip_build_finished=False, packages_skip_by_dep=None, packages_skip_regex=None, packages_skip_test_passed=False, packages_skip_up_to=None, packages_start=None, packages_up_to=None, packages_up_to_regex=None, parallel_workers=8, paths=None, symlink_install=False, test_result_base=None, verb_extension=<colcon_core.verb.build.BuildVerb object at 0x7fbbc7e08ee0>, verb_name='build', verb_parser=<colcon_defaults.argument_parser.defaults.DefaultArgumentsDecorator object at 0x7fbbc7e2f220>)
[2.193s] Level 1:colcon.colcon_core.package_discovery:discover_packages(colcon_meta) check parameters
[2.193s] Level 1:colcon.colcon_core.package_discovery:discover_packages(recursive) check parameters
[2.193s] Level 1:colcon.colcon_core.package_discovery:discover_packages(ignore) check parameters
[2.193s] Level 1:colcon.colcon_core.package_discovery:discover_packages(path) check parameters
[2.193s] Level 1:colcon.colcon_core.package_discovery:discover_packages(colcon_meta) discover
[2.193s] Level 1:colcon.colcon_core.package_discovery:discover_packages(recursive) discover
[2.193s] INFO:colcon.colcon_core.package_discovery:Crawling recursively for packages in '/home/llnitroz23ll/magangBayuROS/src/MagangBayu24-ROS2/tugas3'
[2.193s] Level 1:colcon.colcon_core.package_identification:_identify(.) by extensions ['ignore', 'ignore_ament_install']
[2.193s] Level 1:colcon.colcon_core.package_identification:_identify(.) by extension 'ignore'
[2.193s] Level 1:colcon.colcon_core.package_identification:_identify(.) by extension 'ignore_ament_install'
[2.194s] Level 1:colcon.colcon_core.package_identification:_identify(.) by extensions ['colcon_pkg']
[2.194s] Level 1:colcon.colcon_core.package_identification:_identify(.) by extension 'colcon_pkg'
[2.194s] Level 1:colcon.colcon_core.package_identification:_identify(.) by extensions ['colcon_meta']
[2.194s] Level 1:colcon.colcon_core.package_identification:_identify(.) by extension 'colcon_meta'
[2.194s] Level 1:colcon.colcon_core.package_identification:_identify(.) by extensions ['ros']
[2.194s] Level 1:colcon.colcon_core.package_identification:_identify(.) by extension 'ros'
[2.205s] Level 1:colcon.colcon_core.package_identification:_identify(.) by extensions ['cmake', 'python']
[2.205s] Level 1:colcon.colcon_core.package_identification:_identify(.) by extension 'cmake'
[2.205s] Level 1:colcon.colcon_core.package_identification:_identify(.) by extension 'python'
[2.205s] Level 1:colcon.colcon_core.package_identification:_identify(.) by extensions ['python_setup_py']
[2.205s] Level 1:colcon.colcon_core.package_identification:_identify(.) by extension 'python_setup_py'
[2.206s] Level 1:colcon.colcon_core.package_identification:_identify(build) by extensions ['ignore', 'ignore_ament_install']
[2.206s] Level 1:colcon.colcon_core.package_identification:_identify(build) by extension 'ignore'
[2.206s] Level 1:colcon.colcon_core.package_identification:_identify(build) ignored
[2.206s] Level 1:colcon.colcon_core.package_identification:_identify(install) by extensions ['ignore', 'ignore_ament_install']
[2.206s] Level 1:colcon.colcon_core.package_identification:_identify(install) by extension 'ignore'
[2.206s] Level 1:colcon.colcon_core.package_identification:_identify(install) ignored
[2.206s] Level 1:colcon.colcon_core.package_identification:_identify(log) by extensions ['ignore', 'ignore_ament_install']
[2.206s] Level 1:colcon.colcon_core.package_identification:_identify(log) by extension 'ignore'
[2.206s] Level 1:colcon.colcon_core.package_identification:_identify(log) ignored
[2.206s] Level 1:colcon.colcon_core.package_identification:_identify(src) by extensions ['ignore', 'ignore_ament_install']
[2.207s] Level 1:colcon.colcon_core.package_identification:_identify(src) by extension 'ignore'
[2.207s] Level 1:colcon.colcon_core.package_identification:_identify(src) by extension 'ignore_ament_install'
[2.207s] Level 1:colcon.colcon_core.package_identification:_identify(src) by extensions ['colcon_pkg']
[2.207s] Level 1:colcon.colcon_core.package_identification:_identify(src) by extension 'colcon_pkg'
[2.207s] Level 1:colcon.colcon_core.package_identification:_identify(src) by extensions ['colcon_meta']
[2.207s] Level 1:colcon.colcon_core.package_identification:_identify(src) by extension 'colcon_meta'
[2.207s] Level 1:colcon.colcon_core.package_identification:_identify(src) by extensions ['ros']
[2.207s] Level 1:colcon.colcon_core.package_identification:_identify(src) by extension 'ros'
[2.207s] Level 1:colcon.colcon_core.package_identification:_identify(src) by extensions ['cmake', 'python']
[2.207s] Level 1:colcon.colcon_core.package_identification:_identify(src) by extension 'cmake'
[2.207s] Level 1:colcon.colcon_core.package_identification:_identify(src) by extension 'python'
[2.207s] Level 1:colcon.colcon_core.package_identification:_identify(src) by extensions ['python_setup_py']
[2.207s] Level 1:colcon.colcon_core.package_identification:_identify(src) by extension 'python_setup_py'
[2.207s] Level 1:colcon.colcon_core.package_identification:_identify(src/tugas3_cpp) by extensions ['ignore', 'ignore_ament_install']
[2.207s] Level 1:colcon.colcon_core.package_identification:_identify(src/tugas3_cpp) by extension 'ignore'
[2.207s] Level 1:colcon.colcon_core.package_identification:_identify(src/tugas3_cpp) by extension 'ignore_ament_install'
[2.207s] Level 1:colcon.colcon_core.package_identification:_identify(src/tugas3_cpp) by extensions ['colcon_pkg']
[2.207s] Level 1:colcon.colcon_core.package_identification:_identify(src/tugas3_cpp) by extension 'colcon_pkg'
[2.207s] Level 1:colcon.colcon_core.package_identification:_identify(src/tugas3_cpp) by extensions ['colcon_meta']
[2.207s] Level 1:colcon.colcon_core.package_identification:_identify(src/tugas3_cpp) by extension 'colcon_meta'
[2.207s] Level 1:colcon.colcon_core.package_identification:_identify(src/tugas3_cpp) by extensions ['ros']
[2.208s] Level 1:colcon.colcon_core.package_identification:_identify(src/tugas3_cpp) by extension 'ros'
[2.210s] DEBUG:colcon.colcon_core.package_identification:Package 'src/tugas3_cpp' with type 'ros.ament_cmake' and name 'tugas3_cpp'
[2.210s] Level 1:colcon.colcon_core.package_discovery:discover_packages(recursive) using defaults
[2.211s] Level 1:colcon.colcon_core.package_discovery:discover_packages(ignore) discover
[2.211s] Level 1:colcon.colcon_core.package_discovery:discover_packages(ignore) using defaults
[2.211s] Level 1:colcon.colcon_core.package_discovery:discover_packages(path) discover
[2.211s] Level 1:colcon.colcon_core.package_discovery:discover_packages(path) using defaults
[2.404s] Level 1:colcon.colcon_core.package_discovery:discover_packages(prefix_path) check parameters
[2.404s] Level 1:colcon.colcon_core.package_discovery:discover_packages(prefix_path) discover
[2.477s] DEBUG:colcon.colcon_installed_package_information.package_discovery:Found 1 installed packages in /home/llnitroz23ll/magangBayuROS/src/MagangBayu24-ROS2/tugas3/install
[2.512s] DEBUG:colcon.colcon_installed_package_information.package_discovery:Found 1 installed packages in /home/llnitroz23ll/magangBayuROS/src/MagangBayu24-ROS2/tugas2/install
[2.546s] DEBUG:colcon.colcon_installed_package_information.package_discovery:Found 256 installed packages in /opt/ros/foxy
[2.548s] Level 1:colcon.colcon_core.package_discovery:discover_packages(prefix_path) using defaults
[2.692s] Level 5:colcon.colcon_core.verb:set package 'tugas3_cpp' build argument 'cmake_args' from command line to 'None'
[2.692s] Level 5:colcon.colcon_core.verb:set package 'tugas3_cpp' build argument 'cmake_target' from command line to 'None'
[2.692s] Level 5:colcon.colcon_core.verb:set package 'tugas3_cpp' build argument 'cmake_target_skip_unavailable' from command line to 'False'
[2.692s] Level 5:colcon.colcon_core.verb:set package 'tugas3_cpp' build argument 'cmake_clean_cache' from command line to 'False'
[2.692s] Level 5:colcon.colcon_core.verb:set package 'tugas3_cpp' build argument 'cmake_clean_first' from command line to 'False'
[2.692s] Level 5:colcon.colcon_core.verb:set package 'tugas3_cpp' build argument 'cmake_force_configure' from command line to 'False'
[2.692s] Level 5:colcon.colcon_core.verb:set package 'tugas3_cpp' build argument 'ament_cmake_args' from command line to 'None'
[2.692s] Level 5:colcon.colcon_core.verb:set package 'tugas3_cpp' build argument 'catkin_cmake_args' from command line to 'None'
[2.692s] Level 5:colcon.colcon_core.verb:set package 'tugas3_cpp' build argument 'catkin_skip_building_tests' from command line to 'False'
[2.692s] DEBUG:colcon.colcon_core.verb:Building package 'tugas3_cpp' with the following arguments: {'ament_cmake_args': None, 'build_base': '/home/llnitroz23ll/magangBayuROS/src/MagangBayu24-ROS2/tugas3/build/tugas3_cpp', 'catkin_cmake_args': None, 'catkin_skip_building_tests': False, 'cmake_args': None, 'cmake_clean_cache': False, 'cmake_clean_first': False, 'cmake_force_configure': False, 'cmake_target': None, 'cmake_target_skip_unavailable': False, 'install_base': '/home/llnitroz23ll/magangBayuROS/src/MagangBayu24-ROS2/tugas3/install/tugas3_cpp', 'merge_install': False, 'path': '/home/llnitroz23ll/magangBayuROS/src/MagangBayu24-ROS2/tugas3/src/tugas3_cpp', 'symlink_install': False, 'test_result_base': None}
[2.727s] INFO:colcon.colcon_core.executor:Executing jobs using 'parallel' executor
[2.762s] DEBUG:colcon.colcon_parallel_executor.executor.parallel:run_until_complete
[2.814s] INFO:colcon.colcon_ros.task.ament_cmake.build:Building ROS package in '/home/llnitroz23ll/magangBayuROS/src/MagangBayu24-ROS2/tugas3/src/tugas3_cpp' with build type 'ament_cmake'
[2.815s] INFO:colcon.colcon_cmake.task.cmake.build:Building CMake package in '/home/llnitroz23ll/magangBayuROS/src/MagangBayu24-ROS2/tugas3/src/tugas3_cpp'
[2.884s] INFO:colcon.colcon_core.plugin_system:Skipping extension 'colcon_core.shell.bat': Not used on non-Windows systems
[2.885s] INFO:colcon.colcon_core.shell:Skip shell extension 'powershell' for command environment: Not usable outside of PowerShell
[2.885s] DEBUG:colcon.colcon_core.shell:Skip shell extension 'dsv' for command environment
[3.037s] DEBUG:colcon.colcon_core.event_handler.log_command:Invoking command in '/home/llnitroz23ll/magangBayuROS/src/MagangBayu24-ROS2/tugas3/build/tugas3_cpp': CMAKE_PREFIX_PATH=${CMAKE_PREFIX_PATH}:/opt/ros/foxy /usr/bin/cmake --build /home/llnitroz23ll/magangBayuROS/src/MagangBayu24-ROS2/tugas3/build/tugas3_cpp -- -j8 -l8
[6.538s] DEBUG:colcon.colcon_core.event_handler.log_command:Invoked command in '/home/llnitroz23ll/magangBayuROS/src/MagangBayu24-ROS2/tugas3/build/tugas3_cpp' returned '0': CMAKE_PREFIX_PATH=${CMAKE_PREFIX_PATH}:/opt/ros/foxy /usr/bin/cmake --build /home/llnitroz23ll/magangBayuROS/src/MagangBayu24-ROS2/tugas3/build/tugas3_cpp -- -j8 -l8
[6.586s] DEBUG:colcon.colcon_core.event_handler.log_command:Invoking command in '/home/llnitroz23ll/magangBayuROS/src/MagangBayu24-ROS2/tugas3/build/tugas3_cpp': CMAKE_PREFIX_PATH=${CMAKE_PREFIX_PATH}:/opt/ros/foxy /usr/bin/cmake --install /home/llnitroz23ll/magangBayuROS/src/MagangBayu24-ROS2/tugas3/build/tugas3_cpp
[6.603s] Level 1:colcon.colcon_core.environment:create_environment_scripts_only(tugas3_cpp)
[6.603s] DEBUG:colcon.colcon_core.event_handler.log_command:Invoked command in '/home/llnitroz23ll/magangBayuROS/src/MagangBayu24-ROS2/tugas3/build/tugas3_cpp' returned '0': CMAKE_PREFIX_PATH=${CMAKE_PREFIX_PATH}:/opt/ros/foxy /usr/bin/cmake --install /home/llnitroz23ll/magangBayuROS/src/MagangBayu24-ROS2/tugas3/build/tugas3_cpp
[6.672s] Level 1:colcon.colcon_core.environment:checking '/home/llnitroz23ll/magangBayuROS/src/MagangBayu24-ROS2/tugas3/install/tugas3_cpp' for CMake module files
[6.673s] Level 1:colcon.colcon_core.environment:checking '/home/llnitroz23ll/magangBayuROS/src/MagangBayu24-ROS2/tugas3/install/tugas3_cpp' for CMake config files
[6.673s] Level 1:colcon.colcon_core.shell:create_environment_hook('tugas3_cpp', 'cmake_prefix_path')
[6.715s] INFO:colcon.colcon_core.shell:Creating environment hook '/home/llnitroz23ll/magangBayuROS/src/MagangBayu24-ROS2/tugas3/install/tugas3_cpp/share/tugas3_cpp/hook/cmake_prefix_path.ps1'
[6.716s] INFO:colcon.colcon_core.shell:Creating environment descriptor '/home/llnitroz23ll/magangBayuROS/src/MagangBayu24-ROS2/tugas3/install/tugas3_cpp/share/tugas3_cpp/hook/cmake_prefix_path.dsv'
[6.716s] INFO:colcon.colcon_core.shell:Creating environment hook '/home/llnitroz23ll/magangBayuROS/src/MagangBayu24-ROS2/tugas3/install/tugas3_cpp/share/tugas3_cpp/hook/cmake_prefix_path.sh'
[6.717s] Level 1:colcon.colcon_core.environment:checking '/home/llnitroz23ll/magangBayuROS/src/MagangBayu24-ROS2/tugas3/install/tugas3_cpp/lib'
[6.717s] Level 1:colcon.colcon_core.environment:checking '/home/llnitroz23ll/magangBayuROS/src/MagangBayu24-ROS2/tugas3/install/tugas3_cpp/bin'
[6.717s] Level 1:colcon.colcon_core.environment:checking '/home/llnitroz23ll/magangBayuROS/src/MagangBayu24-ROS2/tugas3/install/tugas3_cpp/lib/pkgconfig/tugas3_cpp.pc'
[6.717s] Level 1:colcon.colcon_core.environment:checking '/home/llnitroz23ll/magangBayuROS/src/MagangBayu24-ROS2/tugas3/install/tugas3_cpp/lib/python3.8/site-packages'
[6.718s] Level 1:colcon.colcon_core.environment:checking '/home/llnitroz23ll/magangBayuROS/src/MagangBayu24-ROS2/tugas3/install/tugas3_cpp/bin'
[6.758s] INFO:colcon.colcon_core.shell:Creating package script '/home/llnitroz23ll/magangBayuROS/src/MagangBayu24-ROS2/tugas3/install/tugas3_cpp/share/tugas3_cpp/package.ps1'
[6.759s] INFO:colcon.colcon_core.shell:Creating package descriptor '/home/llnitroz23ll/magangBayuROS/src/MagangBayu24-ROS2/tugas3/install/tugas3_cpp/share/tugas3_cpp/package.dsv'
[6.759s] INFO:colcon.colcon_core.shell:Creating package script '/home/llnitroz23ll/magangBayuROS/src/MagangBayu24-ROS2/tugas3/install/tugas3_cpp/share/tugas3_cpp/package.sh'
[6.760s] INFO:colcon.colcon_core.shell:Creating package script '/home/llnitroz23ll/magangBayuROS/src/MagangBayu24-ROS2/tugas3/install/tugas3_cpp/share/tugas3_cpp/package.bash'
[6.761s] INFO:colcon.colcon_core.shell:Creating package script '/home/llnitroz23ll/magangBayuROS/src/MagangBayu24-ROS2/tugas3/install/tugas3_cpp/share/tugas3_cpp/package.zsh'
[6.761s] Level 1:colcon.colcon_core.environment:create_file_with_runtime_dependencies(/home/llnitroz23ll/magangBayuROS/src/MagangBayu24-ROS2/tugas3/install/tugas3_cpp/share/colcon-core/packages/tugas3_cpp)
[6.827s] Level 1:colcon.colcon_core.environment:create_environment_scripts_only(tugas3_cpp)
[6.867s] Level 1:colcon.colcon_core.environment:checking '/home/llnitroz23ll/magangBayuROS/src/MagangBayu24-ROS2/tugas3/install/tugas3_cpp' for CMake module files
[6.868s] Level 1:colcon.colcon_core.environment:checking '/home/llnitroz23ll/magangBayuROS/src/MagangBayu24-ROS2/tugas3/install/tugas3_cpp' for CMake config files
[6.868s] Level 1:colcon.colcon_core.shell:create_environment_hook('tugas3_cpp', 'cmake_prefix_path')
[6.906s] INFO:colcon.colcon_core.shell:Creating environment hook '/home/llnitroz23ll/magangBayuROS/src/MagangBayu24-ROS2/tugas3/install/tugas3_cpp/share/tugas3_cpp/hook/cmake_prefix_path.ps1'
[6.907s] INFO:colcon.colcon_core.shell:Creating environment descriptor '/home/llnitroz23ll/magangBayuROS/src/MagangBayu24-ROS2/tugas3/install/tugas3_cpp/share/tugas3_cpp/hook/cmake_prefix_path.dsv'
[6.907s] INFO:colcon.colcon_core.shell:Creating environment hook '/home/llnitroz23ll/magangBayuROS/src/MagangBayu24-ROS2/tugas3/install/tugas3_cpp/share/tugas3_cpp/hook/cmake_prefix_path.sh'
[6.908s] Level 1:colcon.colcon_core.environment:checking '/home/llnitroz23ll/magangBayuROS/src/MagangBayu24-ROS2/tugas3/install/tugas3_cpp/lib'
[6.908s] Level 1:colcon.colcon_core.environment:checking '/home/llnitroz23ll/magangBayuROS/src/MagangBayu24-ROS2/tugas3/install/tugas3_cpp/bin'
[6.908s] Level 1:colcon.colcon_core.environment:checking '/home/llnitroz23ll/magangBayuROS/src/MagangBayu24-ROS2/tugas3/install/tugas3_cpp/lib/pkgconfig/tugas3_cpp.pc'
[6.908s] Level 1:colcon.colcon_core.environment:checking '/home/llnitroz23ll/magangBayuROS/src/MagangBayu24-ROS2/tugas3/install/tugas3_cpp/lib/python3.8/site-packages'
[6.908s] Level 1:colcon.colcon_core.environment:checking '/home/llnitroz23ll/magangBayuROS/src/MagangBayu24-ROS2/tugas3/install/tugas3_cpp/bin'
[6.944s] INFO:colcon.colcon_core.shell:Creating package script '/home/llnitroz23ll/magangBayuROS/src/MagangBayu24-ROS2/tugas3/install/tugas3_cpp/share/tugas3_cpp/package.ps1'
[6.945s] INFO:colcon.colcon_core.shell:Creating package descriptor '/home/llnitroz23ll/magangBayuROS/src/MagangBayu24-ROS2/tugas3/install/tugas3_cpp/share/tugas3_cpp/package.dsv'
[6.946s] INFO:colcon.colcon_core.shell:Creating package script '/home/llnitroz23ll/magangBayuROS/src/MagangBayu24-ROS2/tugas3/install/tugas3_cpp/share/tugas3_cpp/package.sh'
[6.946s] INFO:colcon.colcon_core.shell:Creating package script '/home/llnitroz23ll/magangBayuROS/src/MagangBayu24-ROS2/tugas3/install/tugas3_cpp/share/tugas3_cpp/package.bash'
[6.947s] INFO:colcon.colcon_core.shell:Creating package script '/home/llnitroz23ll/magangBayuROS/src/MagangBayu24-ROS2/tugas3/install/tugas3_cpp/share/tugas3_cpp/package.zsh'
[6.947s] Level 1:colcon.colcon_core.environment:create_file_with_runtime_dependencies(/home/llnitroz23ll/magangBayuROS/src/MagangBayu24-ROS2/tugas3/install/tugas3_cpp/share/colcon-core/packages/tugas3_cpp)
[6.947s] DEBUG:colcon.colcon_parallel_executor.executor.parallel:closing loop
[6.948s] DEBUG:colcon.colcon_parallel_executor.executor.parallel:loop closed
[6.948s] DEBUG:colcon.colcon_parallel_executor.executor.parallel:run_until_complete finished with '0'
[6.948s] DEBUG:colcon.colcon_core.event_reactor:joining thread
[6.987s] INFO:colcon.colcon_core.plugin_system:Skipping extension 'colcon_notification.desktop_notification.terminal_notifier': Not used on non-Darwin systems
[6.987s] INFO:colcon.colcon_core.plugin_system:Skipping extension 'colcon_notification.desktop_notification.win32': Not used on non-Windows systems
[6.987s] INFO:colcon.colcon_notification.desktop_notification:Sending desktop notification using 'notify2'
[7.003s] DEBUG:colcon.colcon_core.event_reactor:joined thread
[7.046s] INFO:colcon.colcon_core.shell:Creating prefix script '/home/llnitroz23ll/magangBayuROS/src/MagangBayu24-ROS2/tugas3/install/local_setup.ps1'
[7.047s] INFO:colcon.colcon_core.shell:Creating prefix util module '/home/llnitroz23ll/magangBayuROS/src/MagangBayu24-ROS2/tugas3/install/_local_setup_util_ps1.py'
[7.049s] INFO:colcon.colcon_core.shell:Creating prefix chain script '/home/llnitroz23ll/magangBayuROS/src/MagangBayu24-ROS2/tugas3/install/setup.ps1'
[7.094s] INFO:colcon.colcon_core.shell:Creating prefix script '/home/llnitroz23ll/magangBayuROS/src/MagangBayu24-ROS2/tugas3/install/local_setup.sh'
[7.095s] INFO:colcon.colcon_core.shell:Creating prefix util module '/home/llnitroz23ll/magangBayuROS/src/MagangBayu24-ROS2/tugas3/install/_local_setup_util_sh.py'
[7.095s] INFO:colcon.colcon_core.shell:Creating prefix chain script '/home/llnitroz23ll/magangBayuROS/src/MagangBayu24-ROS2/tugas3/install/setup.sh'
[7.136s] INFO:colcon.colcon_core.shell:Creating prefix script '/home/llnitroz23ll/magangBayuROS/src/MagangBayu24-ROS2/tugas3/install/local_setup.bash'
[7.137s] INFO:colcon.colcon_core.shell:Creating prefix chain script '/home/llnitroz23ll/magangBayuROS/src/MagangBayu24-ROS2/tugas3/install/setup.bash'
[7.176s] INFO:colcon.colcon_core.shell:Creating prefix script '/home/llnitroz23ll/magangBayuROS/src/MagangBayu24-ROS2/tugas3/install/local_setup.zsh'
[7.177s] INFO:colcon.colcon_core.shell:Creating prefix chain script '/home/llnitroz23ll/magangBayuROS/src/MagangBayu24-ROS2/tugas3/install/setup.zsh'
