[1.904s] DEBUG:colcon:Command line arguments: ['/usr/bin/colcon', 'build']
[1.904s] DEBUG:colcon:Parsed command line arguments: Namespace(allow_overriding=[], ament_cmake_args=None, base_paths=['.'], build_base='build', catkin_cmake_args=None, catkin_skip_building_tests=False, cmake_args=None, cmake_clean_cache=False, cmake_clean_first=False, cmake_force_configure=False, cmake_target=None, cmake_target_skip_unavailable=False, continue_on_error=False, event_handlers=None, executor='parallel', ignore_user_meta=False, install_base='install', log_base=None, log_level=None, main=<bound method BuildVerb.main of <colcon_core.verb.build.BuildVerb object at 0x7f0245983640>>, merge_install=False, metas=['./colcon.meta'], packages_above=None, packages_above_and_dependencies=None, packages_above_depth=None, packages_end=None, packages_ignore=None, packages_ignore_regex=None, packages_select=None, packages_select_build_failed=False, packages_select_by_dep=None, packages_select_regex=None, packages_select_test_failures=False, packages_skip=None, packages_skip_build_finished=False, packages_skip_by_dep=None, packages_skip_regex=None, packages_skip_test_passed=False, packages_skip_up_to=None, packages_start=None, packages_up_to=None, packages_up_to_regex=None, parallel_workers=8, paths=None, symlink_install=False, test_result_base=None, verb_extension=<colcon_core.verb.build.BuildVerb object at 0x7f0245983640>, verb_name='build', verb_parser=<colcon_defaults.argument_parser.defaults.DefaultArgumentsDecorator object at 0x7f02456174f0>)
[1.987s] Level 1:colcon.colcon_core.package_discovery:discover_packages(colcon_meta) check parameters
[1.988s] Level 1:colcon.colcon_core.package_discovery:discover_packages(recursive) check parameters
[1.988s] Level 1:colcon.colcon_core.package_discovery:discover_packages(ignore) check parameters
[1.988s] Level 1:colcon.colcon_core.package_discovery:discover_packages(path) check parameters
[1.988s] Level 1:colcon.colcon_core.package_discovery:discover_packages(colcon_meta) discover
[1.988s] Level 1:colcon.colcon_core.package_discovery:discover_packages(recursive) discover
[1.988s] INFO:colcon.colcon_core.package_discovery:Crawling recursively for packages in '/home/llnitroz23ll/magangBayuROS/src/MagangBayu24-ROS2/tugas1'
[1.988s] Level 1:colcon.colcon_core.package_identification:_identify(.) by extensions ['ignore', 'ignore_ament_install']
[1.988s] Level 1:colcon.colcon_core.package_identification:_identify(.) by extension 'ignore'
[1.988s] Level 1:colcon.colcon_core.package_identification:_identify(.) by extension 'ignore_ament_install'
[1.988s] Level 1:colcon.colcon_core.package_identification:_identify(.) by extensions ['colcon_pkg']
[1.988s] Level 1:colcon.colcon_core.package_identification:_identify(.) by extension 'colcon_pkg'
[1.988s] Level 1:colcon.colcon_core.package_identification:_identify(.) by extensions ['colcon_meta']
[1.988s] Level 1:colcon.colcon_core.package_identification:_identify(.) by extension 'colcon_meta'
[1.988s] Level 1:colcon.colcon_core.package_identification:_identify(.) by extensions ['ros']
[1.988s] Level 1:colcon.colcon_core.package_identification:_identify(.) by extension 'ros'
[1.998s] Level 1:colcon.colcon_core.package_identification:_identify(.) by extensions ['cmake', 'python']
[1.998s] Level 1:colcon.colcon_core.package_identification:_identify(.) by extension 'cmake'
[1.998s] Level 1:colcon.colcon_core.package_identification:_identify(.) by extension 'python'
[1.999s] Level 1:colcon.colcon_core.package_identification:_identify(.) by extensions ['python_setup_py']
[1.999s] Level 1:colcon.colcon_core.package_identification:_identify(.) by extension 'python_setup_py'
[1.999s] Level 1:colcon.colcon_core.package_identification:_identify(build) by extensions ['ignore', 'ignore_ament_install']
[1.999s] Level 1:colcon.colcon_core.package_identification:_identify(build) by extension 'ignore'
[1.999s] Level 1:colcon.colcon_core.package_identification:_identify(build) ignored
[1.999s] Level 1:colcon.colcon_core.package_identification:_identify(docs) by extensions ['ignore', 'ignore_ament_install']
[1.999s] Level 1:colcon.colcon_core.package_identification:_identify(docs) by extension 'ignore'
[1.999s] Level 1:colcon.colcon_core.package_identification:_identify(docs) by extension 'ignore_ament_install'
[1.999s] Level 1:colcon.colcon_core.package_identification:_identify(docs) by extensions ['colcon_pkg']
[1.999s] Level 1:colcon.colcon_core.package_identification:_identify(docs) by extension 'colcon_pkg'
[1.999s] Level 1:colcon.colcon_core.package_identification:_identify(docs) by extensions ['colcon_meta']
[1.999s] Level 1:colcon.colcon_core.package_identification:_identify(docs) by extension 'colcon_meta'
[2.000s] Level 1:colcon.colcon_core.package_identification:_identify(docs) by extensions ['ros']
[2.000s] Level 1:colcon.colcon_core.package_identification:_identify(docs) by extension 'ros'
[2.000s] Level 1:colcon.colcon_core.package_identification:_identify(docs) by extensions ['cmake', 'python']
[2.000s] Level 1:colcon.colcon_core.package_identification:_identify(docs) by extension 'cmake'
[2.000s] Level 1:colcon.colcon_core.package_identification:_identify(docs) by extension 'python'
[2.000s] Level 1:colcon.colcon_core.package_identification:_identify(docs) by extensions ['python_setup_py']
[2.000s] Level 1:colcon.colcon_core.package_identification:_identify(docs) by extension 'python_setup_py'
[2.000s] Level 1:colcon.colcon_core.package_identification:_identify(install) by extensions ['ignore', 'ignore_ament_install']
[2.000s] Level 1:colcon.colcon_core.package_identification:_identify(install) by extension 'ignore'
[2.000s] Level 1:colcon.colcon_core.package_identification:_identify(install) ignored
[2.000s] Level 1:colcon.colcon_core.package_identification:_identify(log) by extensions ['ignore', 'ignore_ament_install']
[2.000s] Level 1:colcon.colcon_core.package_identification:_identify(log) by extension 'ignore'
[2.000s] Level 1:colcon.colcon_core.package_identification:_identify(log) ignored
[2.000s] Level 1:colcon.colcon_core.package_identification:_identify(src) by extensions ['ignore', 'ignore_ament_install']
[2.001s] Level 1:colcon.colcon_core.package_identification:_identify(src) by extension 'ignore'
[2.001s] Level 1:colcon.colcon_core.package_identification:_identify(src) by extension 'ignore_ament_install'
[2.001s] Level 1:colcon.colcon_core.package_identification:_identify(src) by extensions ['colcon_pkg']
[2.001s] Level 1:colcon.colcon_core.package_identification:_identify(src) by extension 'colcon_pkg'
[2.001s] Level 1:colcon.colcon_core.package_identification:_identify(src) by extensions ['colcon_meta']
[2.001s] Level 1:colcon.colcon_core.package_identification:_identify(src) by extension 'colcon_meta'
[2.001s] Level 1:colcon.colcon_core.package_identification:_identify(src) by extensions ['ros']
[2.001s] Level 1:colcon.colcon_core.package_identification:_identify(src) by extension 'ros'
[2.001s] Level 1:colcon.colcon_core.package_identification:_identify(src) by extensions ['cmake', 'python']
[2.001s] Level 1:colcon.colcon_core.package_identification:_identify(src) by extension 'cmake'
[2.001s] Level 1:colcon.colcon_core.package_identification:_identify(src) by extension 'python'
[2.001s] Level 1:colcon.colcon_core.package_identification:_identify(src) by extensions ['python_setup_py']
[2.001s] Level 1:colcon.colcon_core.package_identification:_identify(src) by extension 'python_setup_py'
[2.001s] Level 1:colcon.colcon_core.package_identification:_identify(src/tugas1_cpp) by extensions ['ignore', 'ignore_ament_install']
[2.001s] Level 1:colcon.colcon_core.package_identification:_identify(src/tugas1_cpp) by extension 'ignore'
[2.001s] Level 1:colcon.colcon_core.package_identification:_identify(src/tugas1_cpp) by extension 'ignore_ament_install'
[2.002s] Level 1:colcon.colcon_core.package_identification:_identify(src/tugas1_cpp) by extensions ['colcon_pkg']
[2.002s] Level 1:colcon.colcon_core.package_identification:_identify(src/tugas1_cpp) by extension 'colcon_pkg'
[2.002s] Level 1:colcon.colcon_core.package_identification:_identify(src/tugas1_cpp) by extensions ['colcon_meta']
[2.002s] Level 1:colcon.colcon_core.package_identification:_identify(src/tugas1_cpp) by extension 'colcon_meta'
[2.002s] Level 1:colcon.colcon_core.package_identification:_identify(src/tugas1_cpp) by extensions ['ros']
[2.002s] Level 1:colcon.colcon_core.package_identification:_identify(src/tugas1_cpp) by extension 'ros'
[2.006s] DEBUG:colcon.colcon_core.package_identification:Package 'src/tugas1_cpp' with type 'ros.ament_cmake' and name 'tugas1_cpp'
[2.006s] Level 1:colcon.colcon_core.package_discovery:discover_packages(recursive) using defaults
[2.006s] Level 1:colcon.colcon_core.package_discovery:discover_packages(ignore) discover
[2.006s] Level 1:colcon.colcon_core.package_discovery:discover_packages(ignore) using defaults
[2.006s] Level 1:colcon.colcon_core.package_discovery:discover_packages(path) discover
[2.006s] Level 1:colcon.colcon_core.package_discovery:discover_packages(path) using defaults
[2.203s] Level 1:colcon.colcon_core.package_discovery:discover_packages(prefix_path) check parameters
[2.203s] Level 1:colcon.colcon_core.package_discovery:discover_packages(prefix_path) discover
[2.275s] DEBUG:colcon.colcon_installed_package_information.package_discovery:Found 1 installed packages in /home/llnitroz23ll/magangBayuROS/src/MagangBayu24-ROS2/tugas3/install
[2.308s] DEBUG:colcon.colcon_installed_package_information.package_discovery:Found 1 installed packages in /home/llnitroz23ll/magangBayuROS/src/MagangBayu24-ROS2/tugas2/install
[2.343s] DEBUG:colcon.colcon_installed_package_information.package_discovery:Found 256 installed packages in /opt/ros/foxy
[2.344s] Level 1:colcon.colcon_core.package_discovery:discover_packages(prefix_path) using defaults
[2.478s] Level 5:colcon.colcon_core.verb:set package 'tugas1_cpp' build argument 'cmake_args' from command line to 'None'
[2.478s] Level 5:colcon.colcon_core.verb:set package 'tugas1_cpp' build argument 'cmake_target' from command line to 'None'
[2.478s] Level 5:colcon.colcon_core.verb:set package 'tugas1_cpp' build argument 'cmake_target_skip_unavailable' from command line to 'False'
[2.478s] Level 5:colcon.colcon_core.verb:set package 'tugas1_cpp' build argument 'cmake_clean_cache' from command line to 'False'
[2.478s] Level 5:colcon.colcon_core.verb:set package 'tugas1_cpp' build argument 'cmake_clean_first' from command line to 'False'
[2.478s] Level 5:colcon.colcon_core.verb:set package 'tugas1_cpp' build argument 'cmake_force_configure' from command line to 'False'
[2.478s] Level 5:colcon.colcon_core.verb:set package 'tugas1_cpp' build argument 'ament_cmake_args' from command line to 'None'
[2.478s] Level 5:colcon.colcon_core.verb:set package 'tugas1_cpp' build argument 'catkin_cmake_args' from command line to 'None'
[2.478s] Level 5:colcon.colcon_core.verb:set package 'tugas1_cpp' build argument 'catkin_skip_building_tests' from command line to 'False'
[2.478s] DEBUG:colcon.colcon_core.verb:Building package 'tugas1_cpp' with the following arguments: {'ament_cmake_args': None, 'build_base': '/home/llnitroz23ll/magangBayuROS/src/MagangBayu24-ROS2/tugas1/build/tugas1_cpp', 'catkin_cmake_args': None, 'catkin_skip_building_tests': False, 'cmake_args': None, 'cmake_clean_cache': False, 'cmake_clean_first': False, 'cmake_force_configure': False, 'cmake_target': None, 'cmake_target_skip_unavailable': False, 'install_base': '/home/llnitroz23ll/magangBayuROS/src/MagangBayu24-ROS2/tugas1/install/tugas1_cpp', 'merge_install': False, 'path': '/home/llnitroz23ll/magangBayuROS/src/MagangBayu24-ROS2/tugas1/src/tugas1_cpp', 'symlink_install': False, 'test_result_base': None}
[2.515s] INFO:colcon.colcon_core.executor:Executing jobs using 'parallel' executor
[2.549s] DEBUG:colcon.colcon_parallel_executor.executor.parallel:run_until_complete
[2.549s] INFO:colcon.colcon_ros.task.ament_cmake.build:Building ROS package in '/home/llnitroz23ll/magangBayuROS/src/MagangBayu24-ROS2/tugas1/src/tugas1_cpp' with build type 'ament_cmake'
[2.549s] INFO:colcon.colcon_cmake.task.cmake.build:Building CMake package in '/home/llnitroz23ll/magangBayuROS/src/MagangBayu24-ROS2/tugas1/src/tugas1_cpp'
[2.590s] INFO:colcon.colcon_core.plugin_system:Skipping extension 'colcon_core.shell.bat': Not used on non-Windows systems
[2.590s] INFO:colcon.colcon_core.shell:Skip shell extension 'powershell' for command environment: Not usable outside of PowerShell
[2.590s] DEBUG:colcon.colcon_core.shell:Skip shell extension 'dsv' for command environment
[2.742s] DEBUG:colcon.colcon_core.event_handler.log_command:Invoking command in '/home/llnitroz23ll/magangBayuROS/src/MagangBayu24-ROS2/tugas1/build/tugas1_cpp': CMAKE_PREFIX_PATH=${CMAKE_PREFIX_PATH}:/opt/ros/foxy /usr/bin/cmake --build /home/llnitroz23ll/magangBayuROS/src/MagangBayu24-ROS2/tugas1/build/tugas1_cpp -- -j8 -l8
[6.110s] DEBUG:colcon.colcon_core.event_handler.log_command:Invoked command in '/home/llnitroz23ll/magangBayuROS/src/MagangBayu24-ROS2/tugas1/build/tugas1_cpp' returned '0': CMAKE_PREFIX_PATH=${CMAKE_PREFIX_PATH}:/opt/ros/foxy /usr/bin/cmake --build /home/llnitroz23ll/magangBayuROS/src/MagangBayu24-ROS2/tugas1/build/tugas1_cpp -- -j8 -l8
[6.157s] DEBUG:colcon.colcon_core.event_handler.log_command:Invoking command in '/home/llnitroz23ll/magangBayuROS/src/MagangBayu24-ROS2/tugas1/build/tugas1_cpp': CMAKE_PREFIX_PATH=${CMAKE_PREFIX_PATH}:/opt/ros/foxy /usr/bin/cmake --install /home/llnitroz23ll/magangBayuROS/src/MagangBayu24-ROS2/tugas1/build/tugas1_cpp
[6.171s] Level 1:colcon.colcon_core.environment:create_environment_scripts_only(tugas1_cpp)
[6.172s] DEBUG:colcon.colcon_core.event_handler.log_command:Invoked command in '/home/llnitroz23ll/magangBayuROS/src/MagangBayu24-ROS2/tugas1/build/tugas1_cpp' returned '0': CMAKE_PREFIX_PATH=${CMAKE_PREFIX_PATH}:/opt/ros/foxy /usr/bin/cmake --install /home/llnitroz23ll/magangBayuROS/src/MagangBayu24-ROS2/tugas1/build/tugas1_cpp
[6.216s] Level 1:colcon.colcon_core.environment:checking '/home/llnitroz23ll/magangBayuROS/src/MagangBayu24-ROS2/tugas1/install/tugas1_cpp' for CMake module files
[6.216s] Level 1:colcon.colcon_core.environment:checking '/home/llnitroz23ll/magangBayuROS/src/MagangBayu24-ROS2/tugas1/install/tugas1_cpp' for CMake config files
[6.217s] Level 1:colcon.colcon_core.shell:create_environment_hook('tugas1_cpp', 'cmake_prefix_path')
[6.265s] INFO:colcon.colcon_core.shell:Creating environment hook '/home/llnitroz23ll/magangBayuROS/src/MagangBayu24-ROS2/tugas1/install/tugas1_cpp/share/tugas1_cpp/hook/cmake_prefix_path.ps1'
[6.266s] INFO:colcon.colcon_core.shell:Creating environment descriptor '/home/llnitroz23ll/magangBayuROS/src/MagangBayu24-ROS2/tugas1/install/tugas1_cpp/share/tugas1_cpp/hook/cmake_prefix_path.dsv'
[6.267s] INFO:colcon.colcon_core.shell:Creating environment hook '/home/llnitroz23ll/magangBayuROS/src/MagangBayu24-ROS2/tugas1/install/tugas1_cpp/share/tugas1_cpp/hook/cmake_prefix_path.sh'
[6.267s] Level 1:colcon.colcon_core.environment:checking '/home/llnitroz23ll/magangBayuROS/src/MagangBayu24-ROS2/tugas1/install/tugas1_cpp/lib'
[6.268s] Level 1:colcon.colcon_core.environment:checking '/home/llnitroz23ll/magangBayuROS/src/MagangBayu24-ROS2/tugas1/install/tugas1_cpp/bin'
[6.268s] Level 1:colcon.colcon_core.environment:checking '/home/llnitroz23ll/magangBayuROS/src/MagangBayu24-ROS2/tugas1/install/tugas1_cpp/lib/pkgconfig/tugas1_cpp.pc'
[6.268s] Level 1:colcon.colcon_core.environment:checking '/home/llnitroz23ll/magangBayuROS/src/MagangBayu24-ROS2/tugas1/install/tugas1_cpp/lib/python3.8/site-packages'
[6.268s] Level 1:colcon.colcon_core.environment:checking '/home/llnitroz23ll/magangBayuROS/src/MagangBayu24-ROS2/tugas1/install/tugas1_cpp/bin'
[6.305s] INFO:colcon.colcon_core.shell:Creating package script '/home/llnitroz23ll/magangBayuROS/src/MagangBayu24-ROS2/tugas1/install/tugas1_cpp/share/tugas1_cpp/package.ps1'
[6.307s] INFO:colcon.colcon_core.shell:Creating package descriptor '/home/llnitroz23ll/magangBayuROS/src/MagangBayu24-ROS2/tugas1/install/tugas1_cpp/share/tugas1_cpp/package.dsv'
[6.308s] INFO:colcon.colcon_core.shell:Creating package script '/home/llnitroz23ll/magangBayuROS/src/MagangBayu24-ROS2/tugas1/install/tugas1_cpp/share/tugas1_cpp/package.sh'
[6.309s] INFO:colcon.colcon_core.shell:Creating package script '/home/llnitroz23ll/magangBayuROS/src/MagangBayu24-ROS2/tugas1/install/tugas1_cpp/share/tugas1_cpp/package.bash'
[6.310s] INFO:colcon.colcon_core.shell:Creating package script '/home/llnitroz23ll/magangBayuROS/src/MagangBayu24-ROS2/tugas1/install/tugas1_cpp/share/tugas1_cpp/package.zsh'
[6.311s] Level 1:colcon.colcon_core.environment:create_file_with_runtime_dependencies(/home/llnitroz23ll/magangBayuROS/src/MagangBayu24-ROS2/tugas1/install/tugas1_cpp/share/colcon-core/packages/tugas1_cpp)
[6.379s] Level 1:colcon.colcon_core.environment:create_environment_scripts_only(tugas1_cpp)
[6.415s] Level 1:colcon.colcon_core.environment:checking '/home/llnitroz23ll/magangBayuROS/src/MagangBayu24-ROS2/tugas1/install/tugas1_cpp' for CMake module files
[6.415s] Level 1:colcon.colcon_core.environment:checking '/home/llnitroz23ll/magangBayuROS/src/MagangBayu24-ROS2/tugas1/install/tugas1_cpp' for CMake config files
[6.415s] Level 1:colcon.colcon_core.shell:create_environment_hook('tugas1_cpp', 'cmake_prefix_path')
[6.454s] INFO:colcon.colcon_core.shell:Creating environment hook '/home/llnitroz23ll/magangBayuROS/src/MagangBayu24-ROS2/tugas1/install/tugas1_cpp/share/tugas1_cpp/hook/cmake_prefix_path.ps1'
[6.455s] INFO:colcon.colcon_core.shell:Creating environment descriptor '/home/llnitroz23ll/magangBayuROS/src/MagangBayu24-ROS2/tugas1/install/tugas1_cpp/share/tugas1_cpp/hook/cmake_prefix_path.dsv'
[6.455s] INFO:colcon.colcon_core.shell:Creating environment hook '/home/llnitroz23ll/magangBayuROS/src/MagangBayu24-ROS2/tugas1/install/tugas1_cpp/share/tugas1_cpp/hook/cmake_prefix_path.sh'
[6.455s] Level 1:colcon.colcon_core.environment:checking '/home/llnitroz23ll/magangBayuROS/src/MagangBayu24-ROS2/tugas1/install/tugas1_cpp/lib'
[6.455s] Level 1:colcon.colcon_core.environment:checking '/home/llnitroz23ll/magangBayuROS/src/MagangBayu24-ROS2/tugas1/install/tugas1_cpp/bin'
[6.456s] Level 1:colcon.colcon_core.environment:checking '/home/llnitroz23ll/magangBayuROS/src/MagangBayu24-ROS2/tugas1/install/tugas1_cpp/lib/pkgconfig/tugas1_cpp.pc'
[6.456s] Level 1:colcon.colcon_core.environment:checking '/home/llnitroz23ll/magangBayuROS/src/MagangBayu24-ROS2/tugas1/install/tugas1_cpp/lib/python3.8/site-packages'
[6.456s] Level 1:colcon.colcon_core.environment:checking '/home/llnitroz23ll/magangBayuROS/src/MagangBayu24-ROS2/tugas1/install/tugas1_cpp/bin'
[6.493s] INFO:colcon.colcon_core.shell:Creating package script '/home/llnitroz23ll/magangBayuROS/src/MagangBayu24-ROS2/tugas1/install/tugas1_cpp/share/tugas1_cpp/package.ps1'
[6.494s] INFO:colcon.colcon_core.shell:Creating package descriptor '/home/llnitroz23ll/magangBayuROS/src/MagangBayu24-ROS2/tugas1/install/tugas1_cpp/share/tugas1_cpp/package.dsv'
[6.494s] INFO:colcon.colcon_core.shell:Creating package script '/home/llnitroz23ll/magangBayuROS/src/MagangBayu24-ROS2/tugas1/install/tugas1_cpp/share/tugas1_cpp/package.sh'
[6.495s] INFO:colcon.colcon_core.shell:Creating package script '/home/llnitroz23ll/magangBayuROS/src/MagangBayu24-ROS2/tugas1/install/tugas1_cpp/share/tugas1_cpp/package.bash'
[6.495s] INFO:colcon.colcon_core.shell:Creating package script '/home/llnitroz23ll/magangBayuROS/src/MagangBayu24-ROS2/tugas1/install/tugas1_cpp/share/tugas1_cpp/package.zsh'
[6.495s] Level 1:colcon.colcon_core.environment:create_file_with_runtime_dependencies(/home/llnitroz23ll/magangBayuROS/src/MagangBayu24-ROS2/tugas1/install/tugas1_cpp/share/colcon-core/packages/tugas1_cpp)
[6.496s] DEBUG:colcon.colcon_parallel_executor.executor.parallel:closing loop
[6.496s] DEBUG:colcon.colcon_parallel_executor.executor.parallel:loop closed
[6.496s] DEBUG:colcon.colcon_parallel_executor.executor.parallel:run_until_complete finished with '0'
[6.496s] DEBUG:colcon.colcon_core.event_reactor:joining thread
[6.540s] INFO:colcon.colcon_core.plugin_system:Skipping extension 'colcon_notification.desktop_notification.terminal_notifier': Not used on non-Darwin systems
[6.540s] INFO:colcon.colcon_core.plugin_system:Skipping extension 'colcon_notification.desktop_notification.win32': Not used on non-Windows systems
[6.540s] INFO:colcon.colcon_notification.desktop_notification:Sending desktop notification using 'notify2'
[6.555s] DEBUG:colcon.colcon_core.event_reactor:joined thread
[6.592s] INFO:colcon.colcon_core.shell:Creating prefix script '/home/llnitroz23ll/magangBayuROS/src/MagangBayu24-ROS2/tugas1/install/local_setup.ps1'
[6.593s] INFO:colcon.colcon_core.shell:Creating prefix util module '/home/llnitroz23ll/magangBayuROS/src/MagangBayu24-ROS2/tugas1/install/_local_setup_util_ps1.py'
[6.595s] INFO:colcon.colcon_core.shell:Creating prefix chain script '/home/llnitroz23ll/magangBayuROS/src/MagangBayu24-ROS2/tugas1/install/setup.ps1'
[6.633s] INFO:colcon.colcon_core.shell:Creating prefix script '/home/llnitroz23ll/magangBayuROS/src/MagangBayu24-ROS2/tugas1/install/local_setup.sh'
[6.634s] INFO:colcon.colcon_core.shell:Creating prefix util module '/home/llnitroz23ll/magangBayuROS/src/MagangBayu24-ROS2/tugas1/install/_local_setup_util_sh.py'
[6.634s] INFO:colcon.colcon_core.shell:Creating prefix chain script '/home/llnitroz23ll/magangBayuROS/src/MagangBayu24-ROS2/tugas1/install/setup.sh'
[6.671s] INFO:colcon.colcon_core.shell:Creating prefix script '/home/llnitroz23ll/magangBayuROS/src/MagangBayu24-ROS2/tugas1/install/local_setup.bash'
[6.672s] INFO:colcon.colcon_core.shell:Creating prefix chain script '/home/llnitroz23ll/magangBayuROS/src/MagangBayu24-ROS2/tugas1/install/setup.bash'
[6.709s] INFO:colcon.colcon_core.shell:Creating prefix script '/home/llnitroz23ll/magangBayuROS/src/MagangBayu24-ROS2/tugas1/install/local_setup.zsh'
[6.709s] INFO:colcon.colcon_core.shell:Creating prefix chain script '/home/llnitroz23ll/magangBayuROS/src/MagangBayu24-ROS2/tugas1/install/setup.zsh'
