[35m[1mScanning dependencies of target talker2[0m
[35m[1mScanning dependencies of target talker1[0m
[ 33%] Built target listener
[ 66%] [32mBuilding CXX object CMakeFiles/talker1.dir/src/pub1.cpp.o[0m
[ 66%] [32mBuilding CXX object CMakeFiles/talker2.dir/src/pub2.cpp.o[0m
[ 83%] [32m[1mLinking CXX executable talker1[0m
[100%] [32m[1mLinking CXX executable talker2[0m
[100%] Built target talker2
[100%] Built target talker1
-- Install configuration: ""
-- Installing: /home/llnitroz23ll/magangBayuROS/src/MagangBayu24-ROS2/tugas2/install/tugas2_cpp/lib/tugas2_cpp/talker1
-- Set runtime path of "/home/llnitroz23ll/magangBayuROS/src/MagangBayu24-ROS2/tugas2/install/tugas2_cpp/lib/tugas2_cpp/talker1" to ""
-- Installing: /home/llnitroz23ll/magangBayuROS/src/MagangBayu24-ROS2/tugas2/install/tugas2_cpp/lib/tugas2_cpp/talker2
-- Set runtime path of "/home/llnitroz23ll/magangBayuROS/src/MagangBayu24-ROS2/tugas2/install/tugas2_cpp/lib/tugas2_cpp/talker2" to ""
-- Up-to-date: /home/llnitroz23ll/magangBayuROS/src/MagangBayu24-ROS2/tugas2/install/tugas2_cpp/lib/tugas2_cpp/listener
-- Up-to-date: /home/llnitroz23ll/magangBayuROS/src/MagangBayu24-ROS2/tugas2/install/tugas2_cpp/share/ament_index/resource_index/package_run_dependencies/tugas2_cpp
-- Up-to-date: /home/llnitroz23ll/magangBayuROS/src/MagangBayu24-ROS2/tugas2/install/tugas2_cpp/share/ament_index/resource_index/parent_prefix_path/tugas2_cpp
-- Up-to-date: /home/llnitroz23ll/magangBayuROS/src/MagangBayu24-ROS2/tugas2/install/tugas2_cpp/share/tugas2_cpp/environment/ament_prefix_path.sh
-- Up-to-date: /home/llnitroz23ll/magangBayuROS/src/MagangBayu24-ROS2/tugas2/install/tugas2_cpp/share/tugas2_cpp/environment/ament_prefix_path.dsv
-- Up-to-date: /home/llnitroz23ll/magangBayuROS/src/MagangBayu24-ROS2/tugas2/install/tugas2_cpp/share/tugas2_cpp/environment/path.sh
-- Up-to-date: /home/llnitroz23ll/magangBayuROS/src/MagangBayu24-ROS2/tugas2/install/tugas2_cpp/share/tugas2_cpp/environment/path.dsv
-- Up-to-date: /home/llnitroz23ll/magangBayuROS/src/MagangBayu24-ROS2/tugas2/install/tugas2_cpp/share/tugas2_cpp/local_setup.bash
-- Up-to-date: /home/llnitroz23ll/magangBayuROS/src/MagangBayu24-ROS2/tugas2/install/tugas2_cpp/share/tugas2_cpp/local_setup.sh
-- Up-to-date: /home/llnitroz23ll/magangBayuROS/src/MagangBayu24-ROS2/tugas2/install/tugas2_cpp/share/tugas2_cpp/local_setup.zsh
-- Up-to-date: /home/llnitroz23ll/magangBayuROS/src/MagangBayu24-ROS2/tugas2/install/tugas2_cpp/share/tugas2_cpp/local_setup.dsv
-- Installing: /home/llnitroz23ll/magangBayuROS/src/MagangBayu24-ROS2/tugas2/install/tugas2_cpp/share/tugas2_cpp/package.dsv
-- Up-to-date: /home/llnitroz23ll/magangBayuROS/src/MagangBayu24-ROS2/tugas2/install/tugas2_cpp/share/ament_index/resource_index/packages/tugas2_cpp
-- Up-to-date: /home/llnitroz23ll/magangBayuROS/src/MagangBayu24-ROS2/tugas2/install/tugas2_cpp/share/tugas2_cpp/cmake/tugas2_cppConfig.cmake
-- Up-to-date: /home/llnitroz23ll/magangBayuROS/src/MagangBayu24-ROS2/tugas2/install/tugas2_cpp/share/tugas2_cpp/cmake/tugas2_cppConfig-version.cmake
-- Up-to-date: /home/llnitroz23ll/magangBayuROS/src/MagangBayu24-ROS2/tugas2/install/tugas2_cpp/share/tugas2_cpp/package.xml
