[0.150s] Invoking command in '/home/llnitroz23ll/magangBayuROS/src/MagangBayu24-ROS2/tugas3/build/tugas3_cpp': CMAKE_PREFIX_PATH=${CMAKE_PREFIX_PATH}:/opt/ros/foxy /usr/bin/cmake /home/llnitroz23ll/magangBayuROS/src/MagangBayu24-ROS2/tugas3/src/tugas3_cpp -DCMAKE_INSTALL_PREFIX=/home/llnitroz23ll/magangBayuROS/src/MagangBayu24-ROS2/tugas3/install/tugas3_cpp
[0.202s] -- The C compiler identification is GNU 9.4.0
[0.259s] -- The CXX compiler identification is GNU 9.4.0
[0.263s] -- Check for working C compiler: /usr/bin/cc
[0.337s] -- Check for working C compiler: /usr/bin/cc -- works
[0.338s] -- Detecting C compiler ABI info
[0.417s] -- Detecting C compiler ABI info - done
[0.431s] -- Detecting C compile features
[0.431s] -- Detecting C compile features - done
[0.434s] -- Check for working CXX compiler: /usr/bin/c++
[0.530s] -- Check for working CXX compiler: /usr/bin/c++ -- works
[0.531s] -- Detecting CXX compiler ABI info
[0.619s] -- Detecting CXX compiler ABI info - done
[0.631s] -- Detecting CXX compile features
[0.632s] -- Detecting CXX compile features - done
[0.634s] -- Found ament_cmake: 0.9.12 (/opt/ros/foxy/share/ament_cmake/cmake)
[0.657s] -- Found PythonInterp: /usr/bin/python3 (found suitable version "3.8.10", minimum required is "3") 
[0.658s] -- Using PYTHON_EXECUTABLE: /usr/bin/python3
[0.854s] -- Found rclcpp: 2.4.3 (/opt/ros/foxy/share/rclcpp/cmake)
[0.897s] -- Using all available rosidl_typesupport_c: rosidl_typesupport_fastrtps_c;rosidl_typesupport_introspection_c
[0.903s] -- Found rosidl_adapter: 1.3.1 (/opt/ros/foxy/share/rosidl_adapter/cmake)
[0.981s] -- Found OpenSSL: /usr/lib/x86_64-linux-gnu/libcrypto.so (found version "1.1.1f")  
[1.015s] -- Found FastRTPS: /opt/ros/foxy/include  
[1.087s] -- Using all available rosidl_typesupport_cpp: rosidl_typesupport_fastrtps_cpp;rosidl_typesupport_introspection_cpp
[1.141s] -- Found rmw_implementation_cmake: 1.0.4 (/opt/ros/foxy/share/rmw_implementation_cmake/cmake)
[1.142s] -- Using RMW implementation 'rmw_fastrtps_cpp' as default
[1.143s] -- Looking for pthread.h
[1.215s] -- Looking for pthread.h - found
[1.215s] -- Performing Test CMAKE_HAVE_LIBC_PTHREAD
[1.303s] -- Performing Test CMAKE_HAVE_LIBC_PTHREAD - Failed
[1.303s] -- Looking for pthread_create in pthreads
[1.371s] -- Looking for pthread_create in pthreads - not found
[1.371s] -- Looking for pthread_create in pthread
[1.453s] -- Looking for pthread_create in pthread - found
[1.454s] -- Found Threads: TRUE  
[1.620s] -- Found geometry_msgs: 2.0.5 (/opt/ros/foxy/share/geometry_msgs/cmake)
[1.707s] CMake Error at /opt/ros/foxy/share/ament_cmake_core/cmake/core/ament_package_xml.cmake:53 (message):
[1.707s]   ament_package_xml() package name 'tugas3_cpp' in '/package.xml' does not
[1.707s]   match current PROJECT_NAME 'turtletest'.  You must call project() with the
[1.707s]   same package name before.
[1.707s] Call Stack (most recent call first):
[1.707s]   /opt/ros/foxy/share/ament_cmake_core/cmake/core/ament_package.cmake:63 (ament_package_xml)
[1.707s]   CMakeLists.txt:31 (ament_package)
[1.707s] 
[1.707s] 
[1.709s] -- Configuring incomplete, errors occurred!
[1.709s] See also "/home/llnitroz23ll/magangBayuROS/src/MagangBayu24-ROS2/tugas3/build/tugas3_cpp/CMakeFiles/CMakeOutput.log".
[1.709s] See also "/home/llnitroz23ll/magangBayuROS/src/MagangBayu24-ROS2/tugas3/build/tugas3_cpp/CMakeFiles/CMakeError.log".
[1.717s] Invoked command in '/home/llnitroz23ll/magangBayuROS/src/MagangBayu24-ROS2/tugas3/build/tugas3_cpp' returned '1': CMAKE_PREFIX_PATH=${CMAKE_PREFIX_PATH}:/opt/ros/foxy /usr/bin/cmake /home/llnitroz23ll/magangBayuROS/src/MagangBayu24-ROS2/tugas3/src/tugas3_cpp -DCMAKE_INSTALL_PREFIX=/home/llnitroz23ll/magangBayuROS/src/MagangBayu24-ROS2/tugas3/install/tugas3_cpp
