[0.116s] Invoking command in '/home/llnitroz23ll/magangBayuROS/src/MagangBayu24-ROS2/tugas2/build/tugas2_cpp': CMAKE_PREFIX_PATH=/opt/ros/foxy /usr/bin/cmake /home/llnitroz23ll/magangBayuROS/src/MagangBayu24-ROS2/tugas2/src/tugas2_cpp -DCMAKE_INSTALL_PREFIX=/home/llnitroz23ll/magangBayuROS/src/MagangBayu24-ROS2/tugas2/install/tugas2_cpp
[0.201s] -- The C compiler identification is GNU 9.4.0
[0.276s] -- The CXX compiler identification is GNU 9.4.0
[0.282s] -- Check for working C compiler: /usr/bin/cc
[0.368s] -- Check for working C compiler: /usr/bin/cc -- works
[0.369s] -- Detecting C compiler ABI info
[0.455s] -- Detecting C compiler ABI info - done
[0.472s] -- Detecting C compile features
[0.472s] -- Detecting C compile features - done
[0.476s] -- Check for working CXX compiler: /usr/bin/c++
[0.551s] -- Check for working CXX compiler: /usr/bin/c++ -- works
[0.552s] -- Detecting CXX compiler ABI info
[0.629s] -- Detecting CXX compiler ABI info - done
[0.642s] -- Detecting CXX compile features
[0.643s] -- Detecting CXX compile features - done
[0.645s] -- Found ament_cmake: 0.9.12 (/opt/ros/foxy/share/ament_cmake/cmake)
[0.667s] -- Found PythonInterp: /usr/bin/python3 (found suitable version "3.8.10", minimum required is "3") 
[0.667s] -- Using PYTHON_EXECUTABLE: /usr/bin/python3
[0.846s] -- Found rclcpp: 2.4.3 (/opt/ros/foxy/share/rclcpp/cmake)
[0.884s] -- Using all available rosidl_typesupport_c: rosidl_typesupport_fastrtps_c;rosidl_typesupport_introspection_c
[0.889s] -- Found rosidl_adapter: 1.3.1 (/opt/ros/foxy/share/rosidl_adapter/cmake)
[0.955s] -- Found OpenSSL: /usr/lib/x86_64-linux-gnu/libcrypto.so (found version "1.1.1f")  
[0.981s] -- Found FastRTPS: /opt/ros/foxy/include  
[1.049s] -- Using all available rosidl_typesupport_cpp: rosidl_typesupport_fastrtps_cpp;rosidl_typesupport_introspection_cpp
[1.098s] -- Found rmw_implementation_cmake: 1.0.4 (/opt/ros/foxy/share/rmw_implementation_cmake/cmake)
[1.100s] -- Using RMW implementation 'rmw_fastrtps_cpp' as default
[1.101s] -- Looking for pthread.h
[1.167s] -- Looking for pthread.h - found
[1.168s] -- Performing Test CMAKE_HAVE_LIBC_PTHREAD
[1.238s] -- Performing Test CMAKE_HAVE_LIBC_PTHREAD - Failed
[1.238s] -- Looking for pthread_create in pthreads
[1.297s] -- Looking for pthread_create in pthreads - not found
[1.297s] -- Looking for pthread_create in pthread
[1.368s] -- Looking for pthread_create in pthread - found
[1.369s] -- Found Threads: TRUE  
[1.565s] -- Configuring done
[1.576s] -- Generating done
[1.578s] -- Build files have been written to: /home/llnitroz23ll/magangBayuROS/src/MagangBayu24-ROS2/tugas2/build/tugas2_cpp
[1.583s] Invoked command in '/home/llnitroz23ll/magangBayuROS/src/MagangBayu24-ROS2/tugas2/build/tugas2_cpp' returned '0': CMAKE_PREFIX_PATH=/opt/ros/foxy /usr/bin/cmake /home/llnitroz23ll/magangBayuROS/src/MagangBayu24-ROS2/tugas2/src/tugas2_cpp -DCMAKE_INSTALL_PREFIX=/home/llnitroz23ll/magangBayuROS/src/MagangBayu24-ROS2/tugas2/install/tugas2_cpp
[1.586s] Invoking command in '/home/llnitroz23ll/magangBayuROS/src/MagangBayu24-ROS2/tugas2/build/tugas2_cpp': CMAKE_PREFIX_PATH=/opt/ros/foxy /usr/bin/cmake --build /home/llnitroz23ll/magangBayuROS/src/MagangBayu24-ROS2/tugas2/build/tugas2_cpp -- -j8 -l8
[1.625s] [35m[1mScanning dependencies of target talker1[0m
[1.625s] [35m[1mScanning dependencies of target talker2[0m
[1.625s] [35m[1mScanning dependencies of target listener[0m
[1.667s] [ 33%] [32mBuilding CXX object CMakeFiles/listener.dir/src/sub.cpp.o[0m
[1.667s] [ 33%] [32mBuilding CXX object CMakeFiles/talker1.dir/src/pub1.cpp.o[0m
[1.670s] [ 50%] [32mBuilding CXX object CMakeFiles/talker2.dir/src/pub2.cpp.o[0m
[5.160s] [ 66%] [32m[1mLinking CXX executable talker2[0m
[5.167s] [ 83%] [32m[1mLinking CXX executable talker1[0m
[5.386s] [ 83%] Built target talker1
[5.387s] [ 83%] Built target talker2
[7.732s] [100%] [32m[1mLinking CXX executable listener[0m
[8.023s] [100%] Built target listener
[8.035s] Invoked command in '/home/llnitroz23ll/magangBayuROS/src/MagangBayu24-ROS2/tugas2/build/tugas2_cpp' returned '0': CMAKE_PREFIX_PATH=/opt/ros/foxy /usr/bin/cmake --build /home/llnitroz23ll/magangBayuROS/src/MagangBayu24-ROS2/tugas2/build/tugas2_cpp -- -j8 -l8
[8.077s] Invoking command in '/home/llnitroz23ll/magangBayuROS/src/MagangBayu24-ROS2/tugas2/build/tugas2_cpp': CMAKE_PREFIX_PATH=/opt/ros/foxy /usr/bin/cmake --install /home/llnitroz23ll/magangBayuROS/src/MagangBayu24-ROS2/tugas2/build/tugas2_cpp
[8.085s] -- Install configuration: ""
[8.086s] -- Installing: /home/llnitroz23ll/magangBayuROS/src/MagangBayu24-ROS2/tugas2/install/tugas2_cpp/lib/tugas2_cpp/talker1
[8.087s] -- Set runtime path of "/home/llnitroz23ll/magangBayuROS/src/MagangBayu24-ROS2/tugas2/install/tugas2_cpp/lib/tugas2_cpp/talker1" to ""
[8.087s] -- Installing: /home/llnitroz23ll/magangBayuROS/src/MagangBayu24-ROS2/tugas2/install/tugas2_cpp/lib/tugas2_cpp/talker2
[8.088s] -- Set runtime path of "/home/llnitroz23ll/magangBayuROS/src/MagangBayu24-ROS2/tugas2/install/tugas2_cpp/lib/tugas2_cpp/talker2" to ""
[8.088s] -- Installing: /home/llnitroz23ll/magangBayuROS/src/MagangBayu24-ROS2/tugas2/install/tugas2_cpp/lib/tugas2_cpp/listener
[8.091s] -- Set runtime path of "/home/llnitroz23ll/magangBayuROS/src/MagangBayu24-ROS2/tugas2/install/tugas2_cpp/lib/tugas2_cpp/listener" to ""
[8.091s] -- Installing: /home/llnitroz23ll/magangBayuROS/src/MagangBayu24-ROS2/tugas2/install/tugas2_cpp/share/ament_index/resource_index/package_run_dependencies/tugas2_cpp
[8.092s] -- Installing: /home/llnitroz23ll/magangBayuROS/src/MagangBayu24-ROS2/tugas2/install/tugas2_cpp/share/ament_index/resource_index/parent_prefix_path/tugas2_cpp
[8.092s] -- Installing: /home/llnitroz23ll/magangBayuROS/src/MagangBayu24-ROS2/tugas2/install/tugas2_cpp/share/tugas2_cpp/environment/ament_prefix_path.sh
[8.092s] -- Installing: /home/llnitroz23ll/magangBayuROS/src/MagangBayu24-ROS2/tugas2/install/tugas2_cpp/share/tugas2_cpp/environment/ament_prefix_path.dsv
[8.092s] -- Installing: /home/llnitroz23ll/magangBayuROS/src/MagangBayu24-ROS2/tugas2/install/tugas2_cpp/share/tugas2_cpp/environment/path.sh
[8.092s] -- Installing: /home/llnitroz23ll/magangBayuROS/src/MagangBayu24-ROS2/tugas2/install/tugas2_cpp/share/tugas2_cpp/environment/path.dsv
[8.093s] -- Installing: /home/llnitroz23ll/magangBayuROS/src/MagangBayu24-ROS2/tugas2/install/tugas2_cpp/share/tugas2_cpp/local_setup.bash
[8.093s] -- Installing: /home/llnitroz23ll/magangBayuROS/src/MagangBayu24-ROS2/tugas2/install/tugas2_cpp/share/tugas2_cpp/local_setup.sh
[8.093s] -- Installing: /home/llnitroz23ll/magangBayuROS/src/MagangBayu24-ROS2/tugas2/install/tugas2_cpp/share/tugas2_cpp/local_setup.zsh
[8.093s] -- Installing: /home/llnitroz23ll/magangBayuROS/src/MagangBayu24-ROS2/tugas2/install/tugas2_cpp/share/tugas2_cpp/local_setup.dsv
[8.093s] -- Installing: /home/llnitroz23ll/magangBayuROS/src/MagangBayu24-ROS2/tugas2/install/tugas2_cpp/share/tugas2_cpp/package.dsv
[8.093s] -- Installing: /home/llnitroz23ll/magangBayuROS/src/MagangBayu24-ROS2/tugas2/install/tugas2_cpp/share/ament_index/resource_index/packages/tugas2_cpp
[8.093s] -- Installing: /home/llnitroz23ll/magangBayuROS/src/MagangBayu24-ROS2/tugas2/install/tugas2_cpp/share/tugas2_cpp/cmake/tugas2_cppConfig.cmake
[8.093s] -- Installing: /home/llnitroz23ll/magangBayuROS/src/MagangBayu24-ROS2/tugas2/install/tugas2_cpp/share/tugas2_cpp/cmake/tugas2_cppConfig-version.cmake
[8.094s] -- Installing: /home/llnitroz23ll/magangBayuROS/src/MagangBayu24-ROS2/tugas2/install/tugas2_cpp/share/tugas2_cpp/package.xml
[8.096s] Invoked command in '/home/llnitroz23ll/magangBayuROS/src/MagangBayu24-ROS2/tugas2/build/tugas2_cpp' returned '0': CMAKE_PREFIX_PATH=/opt/ros/foxy /usr/bin/cmake --install /home/llnitroz23ll/magangBayuROS/src/MagangBayu24-ROS2/tugas2/build/tugas2_cpp
