[0.171s] Invoking command in '/home/llnitroz23ll/magangBayuROS/src/MagangBayu24-ROS2/tugas3/build/tugas3_cpp': CMAKE_PREFIX_PATH=${CMAKE_PREFIX_PATH}:/opt/ros/foxy /usr/bin/cmake --build /home/llnitroz23ll/magangBayuROS/src/MagangBayu24-ROS2/tugas3/build/tugas3_cpp -- -j8 -l8
[0.217s] [35m[1mScanning dependencies of target talker[0m
[0.247s] [ 50%] [32mBuilding CXX object CMakeFiles/talker.dir/src/pub.cpp.o[0m
[3.348s] [100%] [32m[1mLinking CXX executable talker[0m
[3.544s] [100%] Built target talker
[3.560s] Invoked command in '/home/llnitroz23ll/magangBayuROS/src/MagangBayu24-ROS2/tugas3/build/tugas3_cpp' returned '0': CMAKE_PREFIX_PATH=${CMAKE_PREFIX_PATH}:/opt/ros/foxy /usr/bin/cmake --build /home/llnitroz23ll/magangBayuROS/src/MagangBayu24-ROS2/tugas3/build/tugas3_cpp -- -j8 -l8
[3.603s] Invoking command in '/home/llnitroz23ll/magangBayuROS/src/MagangBayu24-ROS2/tugas3/build/tugas3_cpp': CMAKE_PREFIX_PATH=${CMAKE_PREFIX_PATH}:/opt/ros/foxy /usr/bin/cmake --install /home/llnitroz23ll/magangBayuROS/src/MagangBayu24-ROS2/tugas3/build/tugas3_cpp
[3.613s] -- Install configuration: ""
[3.613s] -- Installing: /home/llnitroz23ll/magangBayuROS/src/MagangBayu24-ROS2/tugas3/install/tugas3_cpp/lib/tugas3_cpp/talker
[3.615s] -- Set runtime path of "/home/llnitroz23ll/magangBayuROS/src/MagangBayu24-ROS2/tugas3/install/tugas3_cpp/lib/tugas3_cpp/talker" to ""
[3.615s] -- Installing: /home/llnitroz23ll/magangBayuROS/src/MagangBayu24-ROS2/tugas3/install/tugas3_cpp/share/ament_index/resource_index/package_run_dependencies/tugas3_cpp
[3.615s] -- Installing: /home/llnitroz23ll/magangBayuROS/src/MagangBayu24-ROS2/tugas3/install/tugas3_cpp/share/ament_index/resource_index/parent_prefix_path/tugas3_cpp
[3.615s] -- Installing: /home/llnitroz23ll/magangBayuROS/src/MagangBayu24-ROS2/tugas3/install/tugas3_cpp/share/tugas3_cpp/environment/ament_prefix_path.sh
[3.615s] -- Installing: /home/llnitroz23ll/magangBayuROS/src/MagangBayu24-ROS2/tugas3/install/tugas3_cpp/share/tugas3_cpp/environment/ament_prefix_path.dsv
[3.616s] -- Installing: /home/llnitroz23ll/magangBayuROS/src/MagangBayu24-ROS2/tugas3/install/tugas3_cpp/share/tugas3_cpp/environment/path.sh
[3.616s] -- Installing: /home/llnitroz23ll/magangBayuROS/src/MagangBayu24-ROS2/tugas3/install/tugas3_cpp/share/tugas3_cpp/environment/path.dsv
[3.616s] -- Installing: /home/llnitroz23ll/magangBayuROS/src/MagangBayu24-ROS2/tugas3/install/tugas3_cpp/share/tugas3_cpp/local_setup.bash
[3.616s] -- Installing: /home/llnitroz23ll/magangBayuROS/src/MagangBayu24-ROS2/tugas3/install/tugas3_cpp/share/tugas3_cpp/local_setup.sh
[3.616s] -- Installing: /home/llnitroz23ll/magangBayuROS/src/MagangBayu24-ROS2/tugas3/install/tugas3_cpp/share/tugas3_cpp/local_setup.zsh
[3.616s] -- Installing: /home/llnitroz23ll/magangBayuROS/src/MagangBayu24-ROS2/tugas3/install/tugas3_cpp/share/tugas3_cpp/local_setup.dsv
[3.616s] -- Installing: /home/llnitroz23ll/magangBayuROS/src/MagangBayu24-ROS2/tugas3/install/tugas3_cpp/share/tugas3_cpp/package.dsv
[3.617s] -- Installing: /home/llnitroz23ll/magangBayuROS/src/MagangBayu24-ROS2/tugas3/install/tugas3_cpp/share/ament_index/resource_index/packages/tugas3_cpp
[3.617s] -- Installing: /home/llnitroz23ll/magangBayuROS/src/MagangBayu24-ROS2/tugas3/install/tugas3_cpp/share/tugas3_cpp/cmake/tugas3_cppConfig.cmake
[3.617s] -- Installing: /home/llnitroz23ll/magangBayuROS/src/MagangBayu24-ROS2/tugas3/install/tugas3_cpp/share/tugas3_cpp/cmake/tugas3_cppConfig-version.cmake
[3.617s] -- Installing: /home/llnitroz23ll/magangBayuROS/src/MagangBayu24-ROS2/tugas3/install/tugas3_cpp/share/tugas3_cpp/package.xml
[3.619s] Invoked command in '/home/llnitroz23ll/magangBayuROS/src/MagangBayu24-ROS2/tugas3/build/tugas3_cpp' returned '0': CMAKE_PREFIX_PATH=${CMAKE_PREFIX_PATH}:/opt/ros/foxy /usr/bin/cmake --install /home/llnitroz23ll/magangBayuROS/src/MagangBayu24-ROS2/tugas3/build/tugas3_cpp
