[1.969s] DEBUG:colcon:Command line arguments: ['/usr/bin/colcon', 'build']
[1.969s] DEBUG:colcon:Parsed command line arguments: Namespace(allow_overriding=[], ament_cmake_args=None, base_paths=['.'], build_base='build', catkin_cmake_args=None, catkin_skip_building_tests=False, cmake_args=None, cmake_clean_cache=False, cmake_clean_first=False, cmake_force_configure=False, cmake_target=None, cmake_target_skip_unavailable=False, continue_on_error=False, event_handlers=None, executor='parallel', ignore_user_meta=False, install_base='install', log_base=None, log_level=None, main=<bound method BuildVerb.main of <colcon_core.verb.build.BuildVerb object at 0x7f153c391640>>, merge_install=False, metas=['./colcon.meta'], packages_above=None, packages_above_and_dependencies=None, packages_above_depth=None, packages_end=None, packages_ignore=None, packages_ignore_regex=None, packages_select=None, packages_select_build_failed=False, packages_select_by_dep=None, packages_select_regex=None, packages_select_test_failures=False, packages_skip=None, packages_skip_build_finished=False, packages_skip_by_dep=None, packages_skip_regex=None, packages_skip_test_passed=False, packages_skip_up_to=None, packages_start=None, packages_up_to=None, packages_up_to_regex=None, parallel_workers=8, paths=None, symlink_install=False, test_result_base=None, verb_extension=<colcon_core.verb.build.BuildVerb object at 0x7f153c391640>, verb_name='build', verb_parser=<colcon_defaults.argument_parser.defaults.DefaultArgumentsDecorator object at 0x7f153c022850>)
[2.062s] Level 1:colcon.colcon_core.package_discovery:discover_packages(colcon_meta) check parameters
[2.062s] Level 1:colcon.colcon_core.package_discovery:discover_packages(recursive) check parameters
[2.062s] Level 1:colcon.colcon_core.package_discovery:discover_packages(ignore) check parameters
[2.062s] Level 1:colcon.colcon_core.package_discovery:discover_packages(path) check parameters
[2.062s] Level 1:colcon.colcon_core.package_discovery:discover_packages(colcon_meta) discover
[2.062s] Level 1:colcon.colcon_core.package_discovery:discover_packages(recursive) discover
[2.062s] INFO:colcon.colcon_core.package_discovery:Crawling recursively for packages in '/home/llnitroz23ll/magangBayuROS/src/MagangBayu24-ROS2/tugas2'
[2.062s] Level 1:colcon.colcon_core.package_identification:_identify(.) by extensions ['ignore', 'ignore_ament_install']
[2.063s] Level 1:colcon.colcon_core.package_identification:_identify(.) by extension 'ignore'
[2.063s] Level 1:colcon.colcon_core.package_identification:_identify(.) by extension 'ignore_ament_install'
[2.063s] Level 1:colcon.colcon_core.package_identification:_identify(.) by extensions ['colcon_pkg']
[2.063s] Level 1:colcon.colcon_core.package_identification:_identify(.) by extension 'colcon_pkg'
[2.063s] Level 1:colcon.colcon_core.package_identification:_identify(.) by extensions ['colcon_meta']
[2.063s] Level 1:colcon.colcon_core.package_identification:_identify(.) by extension 'colcon_meta'
[2.063s] Level 1:colcon.colcon_core.package_identification:_identify(.) by extensions ['ros']
[2.063s] Level 1:colcon.colcon_core.package_identification:_identify(.) by extension 'ros'
[2.072s] Level 1:colcon.colcon_core.package_identification:_identify(.) by extensions ['cmake', 'python']
[2.072s] Level 1:colcon.colcon_core.package_identification:_identify(.) by extension 'cmake'
[2.072s] Level 1:colcon.colcon_core.package_identification:_identify(.) by extension 'python'
[2.072s] Level 1:colcon.colcon_core.package_identification:_identify(.) by extensions ['python_setup_py']
[2.072s] Level 1:colcon.colcon_core.package_identification:_identify(.) by extension 'python_setup_py'
[2.072s] Level 1:colcon.colcon_core.package_identification:_identify(build) by extensions ['ignore', 'ignore_ament_install']
[2.072s] Level 1:colcon.colcon_core.package_identification:_identify(build) by extension 'ignore'
[2.072s] Level 1:colcon.colcon_core.package_identification:_identify(build) ignored
[2.073s] Level 1:colcon.colcon_core.package_identification:_identify(docs) by extensions ['ignore', 'ignore_ament_install']
[2.073s] Level 1:colcon.colcon_core.package_identification:_identify(docs) by extension 'ignore'
[2.073s] Level 1:colcon.colcon_core.package_identification:_identify(docs) by extension 'ignore_ament_install'
[2.073s] Level 1:colcon.colcon_core.package_identification:_identify(docs) by extensions ['colcon_pkg']
[2.073s] Level 1:colcon.colcon_core.package_identification:_identify(docs) by extension 'colcon_pkg'
[2.073s] Level 1:colcon.colcon_core.package_identification:_identify(docs) by extensions ['colcon_meta']
[2.073s] Level 1:colcon.colcon_core.package_identification:_identify(docs) by extension 'colcon_meta'
[2.073s] Level 1:colcon.colcon_core.package_identification:_identify(docs) by extensions ['ros']
[2.073s] Level 1:colcon.colcon_core.package_identification:_identify(docs) by extension 'ros'
[2.073s] Level 1:colcon.colcon_core.package_identification:_identify(docs) by extensions ['cmake', 'python']
[2.073s] Level 1:colcon.colcon_core.package_identification:_identify(docs) by extension 'cmake'
[2.073s] Level 1:colcon.colcon_core.package_identification:_identify(docs) by extension 'python'
[2.073s] Level 1:colcon.colcon_core.package_identification:_identify(docs) by extensions ['python_setup_py']
[2.073s] Level 1:colcon.colcon_core.package_identification:_identify(docs) by extension 'python_setup_py'
[2.073s] Level 1:colcon.colcon_core.package_identification:_identify(install) by extensions ['ignore', 'ignore_ament_install']
[2.073s] Level 1:colcon.colcon_core.package_identification:_identify(install) by extension 'ignore'
[2.073s] Level 1:colcon.colcon_core.package_identification:_identify(install) ignored
[2.073s] Level 1:colcon.colcon_core.package_identification:_identify(log) by extensions ['ignore', 'ignore_ament_install']
[2.073s] Level 1:colcon.colcon_core.package_identification:_identify(log) by extension 'ignore'
[2.074s] Level 1:colcon.colcon_core.package_identification:_identify(log) ignored
[2.074s] Level 1:colcon.colcon_core.package_identification:_identify(src) by extensions ['ignore', 'ignore_ament_install']
[2.074s] Level 1:colcon.colcon_core.package_identification:_identify(src) by extension 'ignore'
[2.074s] Level 1:colcon.colcon_core.package_identification:_identify(src) by extension 'ignore_ament_install'
[2.074s] Level 1:colcon.colcon_core.package_identification:_identify(src) by extensions ['colcon_pkg']
[2.074s] Level 1:colcon.colcon_core.package_identification:_identify(src) by extension 'colcon_pkg'
[2.074s] Level 1:colcon.colcon_core.package_identification:_identify(src) by extensions ['colcon_meta']
[2.074s] Level 1:colcon.colcon_core.package_identification:_identify(src) by extension 'colcon_meta'
[2.074s] Level 1:colcon.colcon_core.package_identification:_identify(src) by extensions ['ros']
[2.074s] Level 1:colcon.colcon_core.package_identification:_identify(src) by extension 'ros'
[2.074s] Level 1:colcon.colcon_core.package_identification:_identify(src) by extensions ['cmake', 'python']
[2.074s] Level 1:colcon.colcon_core.package_identification:_identify(src) by extension 'cmake'
[2.074s] Level 1:colcon.colcon_core.package_identification:_identify(src) by extension 'python'
[2.074s] Level 1:colcon.colcon_core.package_identification:_identify(src) by extensions ['python_setup_py']
[2.074s] Level 1:colcon.colcon_core.package_identification:_identify(src) by extension 'python_setup_py'
[2.074s] Level 1:colcon.colcon_core.package_identification:_identify(src/tugas2_cpp) by extensions ['ignore', 'ignore_ament_install']
[2.074s] Level 1:colcon.colcon_core.package_identification:_identify(src/tugas2_cpp) by extension 'ignore'
[2.074s] Level 1:colcon.colcon_core.package_identification:_identify(src/tugas2_cpp) by extension 'ignore_ament_install'
[2.074s] Level 1:colcon.colcon_core.package_identification:_identify(src/tugas2_cpp) by extensions ['colcon_pkg']
[2.074s] Level 1:colcon.colcon_core.package_identification:_identify(src/tugas2_cpp) by extension 'colcon_pkg'
[2.074s] Level 1:colcon.colcon_core.package_identification:_identify(src/tugas2_cpp) by extensions ['colcon_meta']
[2.075s] Level 1:colcon.colcon_core.package_identification:_identify(src/tugas2_cpp) by extension 'colcon_meta'
[2.075s] Level 1:colcon.colcon_core.package_identification:_identify(src/tugas2_cpp) by extensions ['ros']
[2.075s] Level 1:colcon.colcon_core.package_identification:_identify(src/tugas2_cpp) by extension 'ros'
[2.077s] DEBUG:colcon.colcon_core.package_identification:Package 'src/tugas2_cpp' with type 'ros.ament_cmake' and name 'tugas2_cpp'
[2.077s] Level 1:colcon.colcon_core.package_discovery:discover_packages(recursive) using defaults
[2.077s] Level 1:colcon.colcon_core.package_discovery:discover_packages(ignore) discover
[2.077s] Level 1:colcon.colcon_core.package_discovery:discover_packages(ignore) using defaults
[2.077s] Level 1:colcon.colcon_core.package_discovery:discover_packages(path) discover
[2.077s] Level 1:colcon.colcon_core.package_discovery:discover_packages(path) using defaults
[2.265s] Level 1:colcon.colcon_core.package_discovery:discover_packages(prefix_path) check parameters
[2.265s] Level 1:colcon.colcon_core.package_discovery:discover_packages(prefix_path) discover
[2.336s] DEBUG:colcon.colcon_installed_package_information.package_discovery:Found 1 installed packages in /home/llnitroz23ll/magangBayuROS/src/MagangBayu24-ROS2/tugas2/install
[2.372s] DEBUG:colcon.colcon_installed_package_information.package_discovery:Found 256 installed packages in /opt/ros/foxy
[2.373s] Level 1:colcon.colcon_core.package_discovery:discover_packages(prefix_path) using defaults
[2.509s] Level 5:colcon.colcon_core.verb:set package 'tugas2_cpp' build argument 'cmake_args' from command line to 'None'
[2.509s] Level 5:colcon.colcon_core.verb:set package 'tugas2_cpp' build argument 'cmake_target' from command line to 'None'
[2.509s] Level 5:colcon.colcon_core.verb:set package 'tugas2_cpp' build argument 'cmake_target_skip_unavailable' from command line to 'False'
[2.509s] Level 5:colcon.colcon_core.verb:set package 'tugas2_cpp' build argument 'cmake_clean_cache' from command line to 'False'
[2.509s] Level 5:colcon.colcon_core.verb:set package 'tugas2_cpp' build argument 'cmake_clean_first' from command line to 'False'
[2.509s] Level 5:colcon.colcon_core.verb:set package 'tugas2_cpp' build argument 'cmake_force_configure' from command line to 'False'
[2.509s] Level 5:colcon.colcon_core.verb:set package 'tugas2_cpp' build argument 'ament_cmake_args' from command line to 'None'
[2.509s] Level 5:colcon.colcon_core.verb:set package 'tugas2_cpp' build argument 'catkin_cmake_args' from command line to 'None'
[2.509s] Level 5:colcon.colcon_core.verb:set package 'tugas2_cpp' build argument 'catkin_skip_building_tests' from command line to 'False'
[2.509s] DEBUG:colcon.colcon_core.verb:Building package 'tugas2_cpp' with the following arguments: {'ament_cmake_args': None, 'build_base': '/home/llnitroz23ll/magangBayuROS/src/MagangBayu24-ROS2/tugas2/build/tugas2_cpp', 'catkin_cmake_args': None, 'catkin_skip_building_tests': False, 'cmake_args': None, 'cmake_clean_cache': False, 'cmake_clean_first': False, 'cmake_force_configure': False, 'cmake_target': None, 'cmake_target_skip_unavailable': False, 'install_base': '/home/llnitroz23ll/magangBayuROS/src/MagangBayu24-ROS2/tugas2/install/tugas2_cpp', 'merge_install': False, 'path': '/home/llnitroz23ll/magangBayuROS/src/MagangBayu24-ROS2/tugas2/src/tugas2_cpp', 'symlink_install': False, 'test_result_base': None}
[2.546s] INFO:colcon.colcon_core.executor:Executing jobs using 'parallel' executor
[2.581s] DEBUG:colcon.colcon_parallel_executor.executor.parallel:run_until_complete
[2.581s] INFO:colcon.colcon_ros.task.ament_cmake.build:Building ROS package in '/home/llnitroz23ll/magangBayuROS/src/MagangBayu24-ROS2/tugas2/src/tugas2_cpp' with build type 'ament_cmake'
[2.581s] INFO:colcon.colcon_cmake.task.cmake.build:Building CMake package in '/home/llnitroz23ll/magangBayuROS/src/MagangBayu24-ROS2/tugas2/src/tugas2_cpp'
[2.619s] INFO:colcon.colcon_core.plugin_system:Skipping extension 'colcon_core.shell.bat': Not used on non-Windows systems
[2.619s] INFO:colcon.colcon_core.shell:Skip shell extension 'powershell' for command environment: Not usable outside of PowerShell
[2.619s] DEBUG:colcon.colcon_core.shell:Skip shell extension 'dsv' for command environment
[2.739s] DEBUG:colcon.colcon_core.event_handler.log_command:Invoking command in '/home/llnitroz23ll/magangBayuROS/src/MagangBayu24-ROS2/tugas2/build/tugas2_cpp': CMAKE_PREFIX_PATH=${CMAKE_PREFIX_PATH}:/opt/ros/foxy /usr/bin/cmake --build /home/llnitroz23ll/magangBayuROS/src/MagangBayu24-ROS2/tugas2/build/tugas2_cpp -- -j8 -l8
[6.749s] DEBUG:colcon.colcon_core.event_handler.log_command:Invoked command in '/home/llnitroz23ll/magangBayuROS/src/MagangBayu24-ROS2/tugas2/build/tugas2_cpp' returned '0': CMAKE_PREFIX_PATH=${CMAKE_PREFIX_PATH}:/opt/ros/foxy /usr/bin/cmake --build /home/llnitroz23ll/magangBayuROS/src/MagangBayu24-ROS2/tugas2/build/tugas2_cpp -- -j8 -l8
[6.797s] DEBUG:colcon.colcon_core.event_handler.log_command:Invoking command in '/home/llnitroz23ll/magangBayuROS/src/MagangBayu24-ROS2/tugas2/build/tugas2_cpp': CMAKE_PREFIX_PATH=${CMAKE_PREFIX_PATH}:/opt/ros/foxy /usr/bin/cmake --install /home/llnitroz23ll/magangBayuROS/src/MagangBayu24-ROS2/tugas2/build/tugas2_cpp
[6.814s] Level 1:colcon.colcon_core.environment:create_environment_scripts_only(tugas2_cpp)
[6.815s] DEBUG:colcon.colcon_core.event_handler.log_command:Invoked command in '/home/llnitroz23ll/magangBayuROS/src/MagangBayu24-ROS2/tugas2/build/tugas2_cpp' returned '0': CMAKE_PREFIX_PATH=${CMAKE_PREFIX_PATH}:/opt/ros/foxy /usr/bin/cmake --install /home/llnitroz23ll/magangBayuROS/src/MagangBayu24-ROS2/tugas2/build/tugas2_cpp
[6.875s] Level 1:colcon.colcon_core.environment:checking '/home/llnitroz23ll/magangBayuROS/src/MagangBayu24-ROS2/tugas2/install/tugas2_cpp' for CMake module files
[6.876s] Level 1:colcon.colcon_core.environment:checking '/home/llnitroz23ll/magangBayuROS/src/MagangBayu24-ROS2/tugas2/install/tugas2_cpp' for CMake config files
[6.876s] Level 1:colcon.colcon_core.shell:create_environment_hook('tugas2_cpp', 'cmake_prefix_path')
[6.913s] INFO:colcon.colcon_core.shell:Creating environment hook '/home/llnitroz23ll/magangBayuROS/src/MagangBayu24-ROS2/tugas2/install/tugas2_cpp/share/tugas2_cpp/hook/cmake_prefix_path.ps1'
[6.914s] INFO:colcon.colcon_core.shell:Creating environment descriptor '/home/llnitroz23ll/magangBayuROS/src/MagangBayu24-ROS2/tugas2/install/tugas2_cpp/share/tugas2_cpp/hook/cmake_prefix_path.dsv'
[6.914s] INFO:colcon.colcon_core.shell:Creating environment hook '/home/llnitroz23ll/magangBayuROS/src/MagangBayu24-ROS2/tugas2/install/tugas2_cpp/share/tugas2_cpp/hook/cmake_prefix_path.sh'
[6.917s] Level 1:colcon.colcon_core.environment:checking '/home/llnitroz23ll/magangBayuROS/src/MagangBayu24-ROS2/tugas2/install/tugas2_cpp/lib'
[6.917s] Level 1:colcon.colcon_core.environment:checking '/home/llnitroz23ll/magangBayuROS/src/MagangBayu24-ROS2/tugas2/install/tugas2_cpp/bin'
[6.917s] Level 1:colcon.colcon_core.environment:checking '/home/llnitroz23ll/magangBayuROS/src/MagangBayu24-ROS2/tugas2/install/tugas2_cpp/lib/pkgconfig/tugas2_cpp.pc'
[6.918s] Level 1:colcon.colcon_core.environment:checking '/home/llnitroz23ll/magangBayuROS/src/MagangBayu24-ROS2/tugas2/install/tugas2_cpp/lib/python3.8/site-packages'
[6.918s] Level 1:colcon.colcon_core.environment:checking '/home/llnitroz23ll/magangBayuROS/src/MagangBayu24-ROS2/tugas2/install/tugas2_cpp/bin'
[6.956s] INFO:colcon.colcon_core.shell:Creating package script '/home/llnitroz23ll/magangBayuROS/src/MagangBayu24-ROS2/tugas2/install/tugas2_cpp/share/tugas2_cpp/package.ps1'
[6.957s] INFO:colcon.colcon_core.shell:Creating package descriptor '/home/llnitroz23ll/magangBayuROS/src/MagangBayu24-ROS2/tugas2/install/tugas2_cpp/share/tugas2_cpp/package.dsv'
[6.957s] INFO:colcon.colcon_core.shell:Creating package script '/home/llnitroz23ll/magangBayuROS/src/MagangBayu24-ROS2/tugas2/install/tugas2_cpp/share/tugas2_cpp/package.sh'
[6.958s] INFO:colcon.colcon_core.shell:Creating package script '/home/llnitroz23ll/magangBayuROS/src/MagangBayu24-ROS2/tugas2/install/tugas2_cpp/share/tugas2_cpp/package.bash'
[6.959s] INFO:colcon.colcon_core.shell:Creating package script '/home/llnitroz23ll/magangBayuROS/src/MagangBayu24-ROS2/tugas2/install/tugas2_cpp/share/tugas2_cpp/package.zsh'
[6.959s] Level 1:colcon.colcon_core.environment:create_file_with_runtime_dependencies(/home/llnitroz23ll/magangBayuROS/src/MagangBayu24-ROS2/tugas2/install/tugas2_cpp/share/colcon-core/packages/tugas2_cpp)
[7.023s] Level 1:colcon.colcon_core.environment:create_environment_scripts_only(tugas2_cpp)
[7.058s] Level 1:colcon.colcon_core.environment:checking '/home/llnitroz23ll/magangBayuROS/src/MagangBayu24-ROS2/tugas2/install/tugas2_cpp' for CMake module files
[7.058s] Level 1:colcon.colcon_core.environment:checking '/home/llnitroz23ll/magangBayuROS/src/MagangBayu24-ROS2/tugas2/install/tugas2_cpp' for CMake config files
[7.058s] Level 1:colcon.colcon_core.shell:create_environment_hook('tugas2_cpp', 'cmake_prefix_path')
[7.093s] INFO:colcon.colcon_core.shell:Creating environment hook '/home/llnitroz23ll/magangBayuROS/src/MagangBayu24-ROS2/tugas2/install/tugas2_cpp/share/tugas2_cpp/hook/cmake_prefix_path.ps1'
[7.094s] INFO:colcon.colcon_core.shell:Creating environment descriptor '/home/llnitroz23ll/magangBayuROS/src/MagangBayu24-ROS2/tugas2/install/tugas2_cpp/share/tugas2_cpp/hook/cmake_prefix_path.dsv'
[7.094s] INFO:colcon.colcon_core.shell:Creating environment hook '/home/llnitroz23ll/magangBayuROS/src/MagangBayu24-ROS2/tugas2/install/tugas2_cpp/share/tugas2_cpp/hook/cmake_prefix_path.sh'
[7.095s] Level 1:colcon.colcon_core.environment:checking '/home/llnitroz23ll/magangBayuROS/src/MagangBayu24-ROS2/tugas2/install/tugas2_cpp/lib'
[7.095s] Level 1:colcon.colcon_core.environment:checking '/home/llnitroz23ll/magangBayuROS/src/MagangBayu24-ROS2/tugas2/install/tugas2_cpp/bin'
[7.095s] Level 1:colcon.colcon_core.environment:checking '/home/llnitroz23ll/magangBayuROS/src/MagangBayu24-ROS2/tugas2/install/tugas2_cpp/lib/pkgconfig/tugas2_cpp.pc'
[7.095s] Level 1:colcon.colcon_core.environment:checking '/home/llnitroz23ll/magangBayuROS/src/MagangBayu24-ROS2/tugas2/install/tugas2_cpp/lib/python3.8/site-packages'
[7.095s] Level 1:colcon.colcon_core.environment:checking '/home/llnitroz23ll/magangBayuROS/src/MagangBayu24-ROS2/tugas2/install/tugas2_cpp/bin'
[7.131s] INFO:colcon.colcon_core.shell:Creating package script '/home/llnitroz23ll/magangBayuROS/src/MagangBayu24-ROS2/tugas2/install/tugas2_cpp/share/tugas2_cpp/package.ps1'
[7.132s] INFO:colcon.colcon_core.shell:Creating package descriptor '/home/llnitroz23ll/magangBayuROS/src/MagangBayu24-ROS2/tugas2/install/tugas2_cpp/share/tugas2_cpp/package.dsv'
[7.132s] INFO:colcon.colcon_core.shell:Creating package script '/home/llnitroz23ll/magangBayuROS/src/MagangBayu24-ROS2/tugas2/install/tugas2_cpp/share/tugas2_cpp/package.sh'
[7.133s] INFO:colcon.colcon_core.shell:Creating package script '/home/llnitroz23ll/magangBayuROS/src/MagangBayu24-ROS2/tugas2/install/tugas2_cpp/share/tugas2_cpp/package.bash'
[7.133s] INFO:colcon.colcon_core.shell:Creating package script '/home/llnitroz23ll/magangBayuROS/src/MagangBayu24-ROS2/tugas2/install/tugas2_cpp/share/tugas2_cpp/package.zsh'
[7.134s] Level 1:colcon.colcon_core.environment:create_file_with_runtime_dependencies(/home/llnitroz23ll/magangBayuROS/src/MagangBayu24-ROS2/tugas2/install/tugas2_cpp/share/colcon-core/packages/tugas2_cpp)
[7.134s] DEBUG:colcon.colcon_parallel_executor.executor.parallel:closing loop
[7.134s] DEBUG:colcon.colcon_parallel_executor.executor.parallel:loop closed
[7.134s] DEBUG:colcon.colcon_parallel_executor.executor.parallel:run_until_complete finished with '0'
[7.134s] DEBUG:colcon.colcon_core.event_reactor:joining thread
[7.176s] INFO:colcon.colcon_core.plugin_system:Skipping extension 'colcon_notification.desktop_notification.terminal_notifier': Not used on non-Darwin systems
[7.176s] INFO:colcon.colcon_core.plugin_system:Skipping extension 'colcon_notification.desktop_notification.win32': Not used on non-Windows systems
[7.176s] INFO:colcon.colcon_notification.desktop_notification:Sending desktop notification using 'notify2'
[7.189s] DEBUG:colcon.colcon_core.event_reactor:joined thread
[7.226s] INFO:colcon.colcon_core.shell:Creating prefix script '/home/llnitroz23ll/magangBayuROS/src/MagangBayu24-ROS2/tugas2/install/local_setup.ps1'
[7.226s] INFO:colcon.colcon_core.shell:Creating prefix util module '/home/llnitroz23ll/magangBayuROS/src/MagangBayu24-ROS2/tugas2/install/_local_setup_util_ps1.py'
[7.228s] INFO:colcon.colcon_core.shell:Creating prefix chain script '/home/llnitroz23ll/magangBayuROS/src/MagangBayu24-ROS2/tugas2/install/setup.ps1'
[7.265s] INFO:colcon.colcon_core.shell:Creating prefix script '/home/llnitroz23ll/magangBayuROS/src/MagangBayu24-ROS2/tugas2/install/local_setup.sh'
[7.266s] INFO:colcon.colcon_core.shell:Creating prefix util module '/home/llnitroz23ll/magangBayuROS/src/MagangBayu24-ROS2/tugas2/install/_local_setup_util_sh.py'
[7.267s] INFO:colcon.colcon_core.shell:Creating prefix chain script '/home/llnitroz23ll/magangBayuROS/src/MagangBayu24-ROS2/tugas2/install/setup.sh'
[7.302s] INFO:colcon.colcon_core.shell:Creating prefix script '/home/llnitroz23ll/magangBayuROS/src/MagangBayu24-ROS2/tugas2/install/local_setup.bash'
[7.303s] INFO:colcon.colcon_core.shell:Creating prefix chain script '/home/llnitroz23ll/magangBayuROS/src/MagangBayu24-ROS2/tugas2/install/setup.bash'
[7.339s] INFO:colcon.colcon_core.shell:Creating prefix script '/home/llnitroz23ll/magangBayuROS/src/MagangBayu24-ROS2/tugas2/install/local_setup.zsh'
[7.340s] INFO:colcon.colcon_core.shell:Creating prefix chain script '/home/llnitroz23ll/magangBayuROS/src/MagangBayu24-ROS2/tugas2/install/setup.zsh'
