-- Found ament_cmake: 0.9.12 (/opt/ros/foxy/share/ament_cmake/cmake)
-- Using PYTHON_EXECUTABLE: /usr/bin/python3
-- Found rclcpp: 2.4.3 (/opt/ros/foxy/share/rclcpp/cmake)
-- Using all available rosidl_typesupport_c: rosidl_typesupport_fastrtps_c;rosidl_typesupport_introspection_c
-- Found rosidl_adapter: 1.3.1 (/opt/ros/foxy/share/rosidl_adapter/cmake)
-- Using all available rosidl_typesupport_cpp: rosidl_typesupport_fastrtps_cpp;rosidl_typesupport_introspection_cpp
-- Found rmw_implementation_cmake: 1.0.4 (/opt/ros/foxy/share/rmw_implementation_cmake/cmake)
-- Using RMW implementation 'rmw_fastrtps_cpp' as default
-- Found geometry_msgs: 2.0.5 (/opt/ros/foxy/share/geometry_msgs/cmake)
-- Configuring done
-- Generating done
-- Build files have been written to: /home/llnitroz23ll/magangBayuROS/src/MagangBayu24-ROS2/tugas3/build/tugas3_cpp
[35m[1mScanning dependencies of target talker[0m
[ 50%] [32mBuilding CXX object CMakeFiles/talker.dir/src/pub.cpp.o[0m
[01m[K/home/llnitroz23ll/magangBayuROS/src/MagangBayu24-ROS2/tugas3/src/tugas3_cpp/src/pub.cpp:30:109:[m[K [01;31m[Kerror: [m[Ktoo many initializers for ‘[01m[Kdouble [13][m[K’
   30 | 0, 6.28, 0.00, 4.00, 0.00, 6.28, 0.00, 4.00, 0.00, 6.28, 0.00, 2.00, 0.00[01;31m[K}[m[K;
      |                                                                          [01;31m[K^[m[K

[01m[K/home/llnitroz23ll/magangBayuROS/src/MagangBayu24-ROS2/tugas3/src/tugas3_cpp/src/pub.cpp:31:110:[m[K [01;31m[Kerror: [m[Ktoo many initializers for ‘[01m[Kdouble [13][m[K’
   31 | , 3.14, 0.52, 0.00, 0.52, 3.14, 0.52, 0.00, 0.52, 3.14, 0.52, 0.00, -0.52[01;31m[K}[m[K;
      |                                                                          [01;31m[K^[m[K

make[2]: *** [CMakeFiles/talker.dir/build.make:63: CMakeFiles/talker.dir/src/pub.cpp.o] Error 1
make[1]: *** [CMakeFiles/Makefile2:78: CMakeFiles/talker.dir/all] Error 2
make: *** [Makefile:141: all] Error 2
