[0.168s] Invoking command in '/home/llnitroz23ll/magangBayuROS/src/MagangBayu24-ROS2/tugas3/build/tugas3_cpp': CMAKE_PREFIX_PATH=${CMAKE_PREFIX_PATH}:/opt/ros/foxy /usr/bin/cmake /home/llnitroz23ll/magangBayuROS/src/MagangBayu24-ROS2/tugas3/src/tugas3_cpp -DCMAKE_INSTALL_PREFIX=/home/llnitroz23ll/magangBayuROS/src/MagangBayu24-ROS2/tugas3/install/tugas3_cpp
[0.181s] -- Found ament_cmake: 0.9.12 (/opt/ros/foxy/share/ament_cmake/cmake)
[0.200s] -- Using PYTHON_EXECUTABLE: /usr/bin/python3
[0.371s] -- Found rclcpp: 2.4.3 (/opt/ros/foxy/share/rclcpp/cmake)
[0.401s] -- Using all available rosidl_typesupport_c: rosidl_typesupport_fastrtps_c;rosidl_typesupport_introspection_c
[0.404s] -- Found rosidl_adapter: 1.3.1 (/opt/ros/foxy/share/rosidl_adapter/cmake)
[0.517s] -- Using all available rosidl_typesupport_cpp: rosidl_typesupport_fastrtps_cpp;rosidl_typesupport_introspection_cpp
[0.563s] -- Found rmw_implementation_cmake: 1.0.4 (/opt/ros/foxy/share/rmw_implementation_cmake/cmake)
[0.564s] -- Using RMW implementation 'rmw_fastrtps_cpp' as default
[0.697s] -- Found geometry_msgs: 2.0.5 (/opt/ros/foxy/share/geometry_msgs/cmake)
[0.783s] -- Configuring done
[0.789s] -- Generating done
[0.790s] -- Build files have been written to: /home/llnitroz23ll/magangBayuROS/src/MagangBayu24-ROS2/tugas3/build/tugas3_cpp
[0.797s] Invoked command in '/home/llnitroz23ll/magangBayuROS/src/MagangBayu24-ROS2/tugas3/build/tugas3_cpp' returned '0': CMAKE_PREFIX_PATH=${CMAKE_PREFIX_PATH}:/opt/ros/foxy /usr/bin/cmake /home/llnitroz23ll/magangBayuROS/src/MagangBayu24-ROS2/tugas3/src/tugas3_cpp -DCMAKE_INSTALL_PREFIX=/home/llnitroz23ll/magangBayuROS/src/MagangBayu24-ROS2/tugas3/install/tugas3_cpp
[0.800s] Invoking command in '/home/llnitroz23ll/magangBayuROS/src/MagangBayu24-ROS2/tugas3/build/tugas3_cpp': CMAKE_PREFIX_PATH=${CMAKE_PREFIX_PATH}:/opt/ros/foxy /usr/bin/cmake --build /home/llnitroz23ll/magangBayuROS/src/MagangBayu24-ROS2/tugas3/build/tugas3_cpp -- -j8 -l8
[0.839s] [35m[1mScanning dependencies of target talker[0m
[0.881s] [ 50%] [32mBuilding CXX object CMakeFiles/talker.dir/src/pub.cpp.o[0m
[2.050s] [01m[K/home/llnitroz23ll/magangBayuROS/src/MagangBayu24-ROS2/tugas3/src/tugas3_cpp/src/pub.cpp:30:109:[m[K [01;31m[Kerror: [m[Ktoo many initializers for ‘[01m[Kdouble [13][m[K’
[2.050s]    30 | 0, 6.28, 0.00, 4.00, 0.00, 6.28, 0.00, 4.00, 0.00, 6.28, 0.00, 2.00, 0.00[01;31m[K}[m[K;
[2.050s]       |                                                                          [01;31m[K^[m[K
[2.050s] 
[2.050s] [01m[K/home/llnitroz23ll/magangBayuROS/src/MagangBayu24-ROS2/tugas3/src/tugas3_cpp/src/pub.cpp:31:110:[m[K [01;31m[Kerror: [m[Ktoo many initializers for ‘[01m[Kdouble [13][m[K’
[2.050s]    31 | , 3.14, 0.52, 0.00, 0.52, 3.14, 0.52, 0.00, 0.52, 3.14, 0.52, 0.00, -0.52[01;31m[K}[m[K;
[2.050s]       |                                                                          [01;31m[K^[m[K
[2.050s] 
[2.970s] make[2]: *** [CMakeFiles/talker.dir/build.make:63: CMakeFiles/talker.dir/src/pub.cpp.o] Error 1
[2.970s] make[1]: *** [CMakeFiles/Makefile2:78: CMakeFiles/talker.dir/all] Error 2
[2.970s] make: *** [Makefile:141: all] Error 2
[2.973s] Invoked command in '/home/llnitroz23ll/magangBayuROS/src/MagangBayu24-ROS2/tugas3/build/tugas3_cpp' returned '2': CMAKE_PREFIX_PATH=${CMAKE_PREFIX_PATH}:/opt/ros/foxy /usr/bin/cmake --build /home/llnitroz23ll/magangBayuROS/src/MagangBayu24-ROS2/tugas3/build/tugas3_cpp -- -j8 -l8
