[35m[1mScanning dependencies of target talker[0m
[ 50%] Built target listener
[ 75%] [32mBuilding CXX object CMakeFiles/talker.dir/src/cpp_pub.cpp.o[0m
[100%] [32m[1mLinking CXX executable talker[0m
[100%] Built target talker
-- Install configuration: ""
-- Installing: /home/llnitroz23ll/magangBayuROS/src/MagangBayu24-ROS2/tugas1/install/tugas1_cpp/lib/tugas1_cpp/talker
-- Set runtime path of "/home/llnitroz23ll/magangBayuROS/src/MagangBayu24-ROS2/tugas1/install/tugas1_cpp/lib/tugas1_cpp/talker" to ""
-- Up-to-date: /home/llnitroz23ll/magangBayuROS/src/MagangBayu24-ROS2/tugas1/install/tugas1_cpp/lib/tugas1_cpp/listener
-- Up-to-date: /home/llnitroz23ll/magangBayuROS/src/MagangBayu24-ROS2/tugas1/install/tugas1_cpp/share/ament_index/resource_index/package_run_dependencies/tugas1_cpp
-- Up-to-date: /home/llnitroz23ll/magangBayuROS/src/MagangBayu24-ROS2/tugas1/install/tugas1_cpp/share/ament_index/resource_index/parent_prefix_path/tugas1_cpp
-- Up-to-date: /home/llnitroz23ll/magangBayuROS/src/MagangBayu24-ROS2/tugas1/install/tugas1_cpp/share/tugas1_cpp/environment/ament_prefix_path.sh
-- Up-to-date: /home/llnitroz23ll/magangBayuROS/src/MagangBayu24-ROS2/tugas1/install/tugas1_cpp/share/tugas1_cpp/environment/ament_prefix_path.dsv
-- Up-to-date: /home/llnitroz23ll/magangBayuROS/src/MagangBayu24-ROS2/tugas1/install/tugas1_cpp/share/tugas1_cpp/environment/path.sh
-- Up-to-date: /home/llnitroz23ll/magangBayuROS/src/MagangBayu24-ROS2/tugas1/install/tugas1_cpp/share/tugas1_cpp/environment/path.dsv
-- Up-to-date: /home/llnitroz23ll/magangBayuROS/src/MagangBayu24-ROS2/tugas1/install/tugas1_cpp/share/tugas1_cpp/local_setup.bash
-- Up-to-date: /home/llnitroz23ll/magangBayuROS/src/MagangBayu24-ROS2/tugas1/install/tugas1_cpp/share/tugas1_cpp/local_setup.sh
-- Up-to-date: /home/llnitroz23ll/magangBayuROS/src/MagangBayu24-ROS2/tugas1/install/tugas1_cpp/share/tugas1_cpp/local_setup.zsh
-- Up-to-date: /home/llnitroz23ll/magangBayuROS/src/MagangBayu24-ROS2/tugas1/install/tugas1_cpp/share/tugas1_cpp/local_setup.dsv
-- Installing: /home/llnitroz23ll/magangBayuROS/src/MagangBayu24-ROS2/tugas1/install/tugas1_cpp/share/tugas1_cpp/package.dsv
-- Up-to-date: /home/llnitroz23ll/magangBayuROS/src/MagangBayu24-ROS2/tugas1/install/tugas1_cpp/share/ament_index/resource_index/packages/tugas1_cpp
-- Up-to-date: /home/llnitroz23ll/magangBayuROS/src/MagangBayu24-ROS2/tugas1/install/tugas1_cpp/share/tugas1_cpp/cmake/tugas1_cppConfig.cmake
-- Up-to-date: /home/llnitroz23ll/magangBayuROS/src/MagangBayu24-ROS2/tugas1/install/tugas1_cpp/share/tugas1_cpp/cmake/tugas1_cppConfig-version.cmake
-- Up-to-date: /home/llnitroz23ll/magangBayuROS/src/MagangBayu24-ROS2/tugas1/install/tugas1_cpp/share/tugas1_cpp/package.xml
