[0.192s] Invoking command in '/home/llnitroz23ll/magangBayuROS/src/MagangBayu24-ROS2/tugas1/build/tugas1_cpp': CMAKE_PREFIX_PATH=${CMAKE_PREFIX_PATH}:/opt/ros/foxy /usr/bin/cmake --build /home/llnitroz23ll/magangBayuROS/src/MagangBayu24-ROS2/tugas1/build/tugas1_cpp -- -j8 -l8
[0.235s] [35m[1mScanning dependencies of target talker[0m
[0.253s] [ 50%] Built target listener
[0.263s] [ 75%] [32mBuilding CXX object CMakeFiles/talker.dir/src/cpp_pub.cpp.o[0m
[3.337s] [100%] [32m[1mLinking CXX executable talker[0m
[3.547s] [100%] Built target talker
[3.561s] Invoked command in '/home/llnitroz23ll/magangBayuROS/src/MagangBayu24-ROS2/tugas1/build/tugas1_cpp' returned '0': CMAKE_PREFIX_PATH=${CMAKE_PREFIX_PATH}:/opt/ros/foxy /usr/bin/cmake --build /home/llnitroz23ll/magangBayuROS/src/MagangBayu24-ROS2/tugas1/build/tugas1_cpp -- -j8 -l8
[3.607s] Invoking command in '/home/llnitroz23ll/magangBayuROS/src/MagangBayu24-ROS2/tugas1/build/tugas1_cpp': CMAKE_PREFIX_PATH=${CMAKE_PREFIX_PATH}:/opt/ros/foxy /usr/bin/cmake --install /home/llnitroz23ll/magangBayuROS/src/MagangBayu24-ROS2/tugas1/build/tugas1_cpp
[3.616s] -- Install configuration: ""
[3.617s] -- Installing: /home/llnitroz23ll/magangBayuROS/src/MagangBayu24-ROS2/tugas1/install/tugas1_cpp/lib/tugas1_cpp/talker
[3.618s] -- Set runtime path of "/home/llnitroz23ll/magangBayuROS/src/MagangBayu24-ROS2/tugas1/install/tugas1_cpp/lib/tugas1_cpp/talker" to ""
[3.618s] -- Up-to-date: /home/llnitroz23ll/magangBayuROS/src/MagangBayu24-ROS2/tugas1/install/tugas1_cpp/lib/tugas1_cpp/listener
[3.619s] -- Up-to-date: /home/llnitroz23ll/magangBayuROS/src/MagangBayu24-ROS2/tugas1/install/tugas1_cpp/share/ament_index/resource_index/package_run_dependencies/tugas1_cpp
[3.619s] -- Up-to-date: /home/llnitroz23ll/magangBayuROS/src/MagangBayu24-ROS2/tugas1/install/tugas1_cpp/share/ament_index/resource_index/parent_prefix_path/tugas1_cpp
[3.619s] -- Up-to-date: /home/llnitroz23ll/magangBayuROS/src/MagangBayu24-ROS2/tugas1/install/tugas1_cpp/share/tugas1_cpp/environment/ament_prefix_path.sh
[3.619s] -- Up-to-date: /home/llnitroz23ll/magangBayuROS/src/MagangBayu24-ROS2/tugas1/install/tugas1_cpp/share/tugas1_cpp/environment/ament_prefix_path.dsv
[3.619s] -- Up-to-date: /home/llnitroz23ll/magangBayuROS/src/MagangBayu24-ROS2/tugas1/install/tugas1_cpp/share/tugas1_cpp/environment/path.sh
[3.620s] -- Up-to-date: /home/llnitroz23ll/magangBayuROS/src/MagangBayu24-ROS2/tugas1/install/tugas1_cpp/share/tugas1_cpp/environment/path.dsv
[3.620s] -- Up-to-date: /home/llnitroz23ll/magangBayuROS/src/MagangBayu24-ROS2/tugas1/install/tugas1_cpp/share/tugas1_cpp/local_setup.bash
[3.620s] -- Up-to-date: /home/llnitroz23ll/magangBayuROS/src/MagangBayu24-ROS2/tugas1/install/tugas1_cpp/share/tugas1_cpp/local_setup.sh
[3.620s] -- Up-to-date: /home/llnitroz23ll/magangBayuROS/src/MagangBayu24-ROS2/tugas1/install/tugas1_cpp/share/tugas1_cpp/local_setup.zsh
[3.620s] -- Up-to-date: /home/llnitroz23ll/magangBayuROS/src/MagangBayu24-ROS2/tugas1/install/tugas1_cpp/share/tugas1_cpp/local_setup.dsv
[3.620s] -- Installing: /home/llnitroz23ll/magangBayuROS/src/MagangBayu24-ROS2/tugas1/install/tugas1_cpp/share/tugas1_cpp/package.dsv
[3.621s] -- Up-to-date: /home/llnitroz23ll/magangBayuROS/src/MagangBayu24-ROS2/tugas1/install/tugas1_cpp/share/ament_index/resource_index/packages/tugas1_cpp
[3.621s] -- Up-to-date: /home/llnitroz23ll/magangBayuROS/src/MagangBayu24-ROS2/tugas1/install/tugas1_cpp/share/tugas1_cpp/cmake/tugas1_cppConfig.cmake
[3.621s] -- Up-to-date: /home/llnitroz23ll/magangBayuROS/src/MagangBayu24-ROS2/tugas1/install/tugas1_cpp/share/tugas1_cpp/cmake/tugas1_cppConfig-version.cmake
[3.621s] -- Up-to-date: /home/llnitroz23ll/magangBayuROS/src/MagangBayu24-ROS2/tugas1/install/tugas1_cpp/share/tugas1_cpp/package.xml
[3.622s] Invoked command in '/home/llnitroz23ll/magangBayuROS/src/MagangBayu24-ROS2/tugas1/build/tugas1_cpp' returned '0': CMAKE_PREFIX_PATH=${CMAKE_PREFIX_PATH}:/opt/ros/foxy /usr/bin/cmake --install /home/llnitroz23ll/magangBayuROS/src/MagangBayu24-ROS2/tugas1/build/tugas1_cpp
